  [1m[36mSQL (0.3ms)[0m  [1m SELECT name
 FROM sqlite_master
 WHERE type = 'table' AND NOT name = 'sqlite_sequence'
[0m
  [1m[35mSQL (0.1ms)[0m  select sqlite_version(*)
  [1m[36mSQL (3.1ms)[0m  [1mCREATE TABLE "schema_migrations" ("version" varchar(255) NOT NULL) [0m
  [1m[35mSQL (0.1ms)[0m  PRAGMA index_list("schema_migrations")
  [1m[36mSQL (2.5ms)[0m  [1mCREATE UNIQUE INDEX "unique_schema_migrations" ON "schema_migrations" ("version")[0m
  [1m[35mSQL (0.2ms)[0m   SELECT name
 FROM sqlite_master
 WHERE type = 'table' AND NOT name = 'sqlite_sequence'
  [1m[36mSQL (0.1ms)[0m  [1m SELECT name
 FROM sqlite_master
 WHERE type = 'table' AND NOT name = 'sqlite_sequence'
[0m
  [1m[35mSQL (0.1ms)[0m  SELECT "schema_migrations"."version" FROM "schema_migrations"
Migrating to CreateUsers (20110123051903)
  [1m[36mSQL (0.9ms)[0m  [1mCREATE TABLE "users" ("id" INTEGER PRIMARY KEY AUTOINCREMENT NOT NULL, "login" varchar(40), "name" varchar(100) DEFAULT '', "email" varchar(100), "crypted_password" varchar(40), "salt" varchar(40), "created_at" datetime, "updated_at" datetime, "remember_token" varchar(40), "remember_token_expires_at" datetime, "activation_code" varchar(40), "activated_at" datetime) [0m
  [1m[35mSQL (0.1ms)[0m  PRAGMA index_list("users")
  [1m[36mSQL (0.5ms)[0m  [1mCREATE UNIQUE INDEX "index_users_on_login" ON "users" ("login")[0m
  [1m[35mSQL (0.1ms)[0m  INSERT INTO "schema_migrations" ("version") VALUES ('20110123051903')
  [1m[36mSQL (0.3ms)[0m  [1m SELECT name
 FROM sqlite_master
 WHERE type = 'table' AND NOT name = 'sqlite_sequence'
[0m
  [1m[35mSQL (0.1ms)[0m  SELECT "schema_migrations"."version" FROM "schema_migrations"
  [1m[36mSQL (0.1ms)[0m  [1m SELECT name
 FROM sqlite_master
 WHERE type = 'table' AND NOT name = 'sqlite_sequence'
[0m
  [1m[35mSQL (0.1ms)[0m  PRAGMA index_list("users")
  [1m[36mSQL (0.1ms)[0m  [1mPRAGMA index_info('index_users_on_login')[0m


Started GET "/signup" for 127.0.0.1 at Sun Jan 23 13:40:25 +0800 2011
  Processing by UsersController#new as HTML
Rendered users/new.html.erb within layouts/application (43.0ms)
Completed 200 OK in 135ms (Views: 132.7ms | ActiveRecord: 0.0ms)


Started POST "/users" for 127.0.0.1 at Sun Jan 23 13:42:19 +0800 2011
  Processing by UsersController#create as HTML
  Parameters: {"commit"=>"Sign up", "authenticity_token"=>"Nqf6ENCqrpcegKLub+wnZIhbQWrRO5FGTnlWvPgOEdk=", "utf8"=>"✓", "user"=>{"password_confirmation"=>"[FILTERED]", "password"=>"[FILTERED]", "login"=>"ealin", "email"=>"ealin.chiu@gmail.com"}}
  [1m[36mSQL (0.2ms)[0m  [1m SELECT name
 FROM sqlite_master
 WHERE type = 'table' AND NOT name = 'sqlite_sequence'
[0m
  [1m[35mUser Load (0.1ms)[0m  SELECT "users"."id" FROM "users" WHERE ("users"."login" = 'ealin') LIMIT 1
  [1m[36mUser Load (0.1ms)[0m  [1mSELECT "users"."id" FROM "users" WHERE ("users"."email" = 'ealin.chiu@gmail.com') LIMIT 1[0m
  [1m[35mAREL (0.5ms)[0m  INSERT INTO "users" ("remember_token_expires_at", "email", "login", "remember_token", "crypted_password", "activation_code", "name", "activated_at", "updated_at", "salt", "created_at") VALUES (NULL, 'ealin.chiu@gmail.com', 'ealin', NULL, 'ffb42471da524c65e738da9ee2052c42e6ed64de', 'edbb1e9005fb826f9a21f8e1e3fdb8378bd328cb', '', NULL, '2011-01-23 05:42:20.011782', '3c6856349c8403a68aeff9a3441e7fe0f1b9d872', '2011-01-23 05:42:20.011782')
Rendered user_mailer/signup_notification.html.erb (0.5ms)

Sent mail to ealin.chiu@gmail.com (6496ms)
Date: Sun, 23 Jan 2011 13:42:20 +0800
From: admin@PrivateSpace
To: ealin.chiu@gmail.com
Message-ID: <4d3bbfbc2f68b_92781af5114185d6@Appleteki-MacBook-Pro.local.mail>
Subject: [PrivateSpace] Please activate your new account
Mime-Version: 1.0
Content-Type: text/plain;
 charset=UTF-8
Content-Transfer-Encoding: 7bit

Your account has been created.

  Username: ealin
  Password: ealinya

Visit this url to activate your account:

http://YOURSITE/activate/edbb1e9005fb826f9a21f8e1e3fdb8378bd328cb
Redirected to http://localhost:3000/
Completed 302 Found in 6673ms
  [1m[36mUser Load (0.5ms)[0m  [1mSELECT "users".* FROM "users"[0m
  [1m[35mSQL (0.4ms)[0m   SELECT name
 FROM sqlite_master
 WHERE type = 'table' AND NOT name = 'sqlite_sequence'
  [1m[36mUser Load (0.4ms)[0m  [1mSELECT "users".* FROM "users" WHERE ("users"."id" = 1) LIMIT 1[0m
  [1m[35mAREL (0.6ms)[0m  DELETE FROM "users" WHERE ("users"."id" = 1)
  [1m[36mUser Load (0.3ms)[0m  [1mSELECT "users".* FROM "users"[0m


Started GET "/signup" for 127.0.0.1 at Sun Jan 23 13:48:54 +0800 2011
  Processing by UsersController#new as HTML
Rendered users/new.html.erb within layouts/application (15.7ms)
Completed 200 OK in 107ms (Views: 104.8ms | ActiveRecord: 0.0ms)


Started POST "/users" for 127.0.0.1 at Sun Jan 23 13:49:08 +0800 2011
  Processing by UsersController#create as HTML
  Parameters: {"commit"=>"Sign up", "authenticity_token"=>"Nqf6ENCqrpcegKLub+wnZIhbQWrRO5FGTnlWvPgOEdk=", "utf8"=>"✓", "user"=>{"password_confirmation"=>"[FILTERED]", "password"=>"[FILTERED]", "login"=>"ealin", "email"=>"ealin.chiu@gmail.com"}}
  [1m[36mSQL (0.2ms)[0m  [1m SELECT name
 FROM sqlite_master
 WHERE type = 'table' AND NOT name = 'sqlite_sequence'
[0m
  [1m[35mUser Load (0.1ms)[0m  SELECT "users"."id" FROM "users" WHERE ("users"."login" = 'ealin') LIMIT 1
  [1m[36mUser Load (0.1ms)[0m  [1mSELECT "users"."id" FROM "users" WHERE ("users"."email" = 'ealin.chiu@gmail.com') LIMIT 1[0m
  [1m[35mAREL (0.5ms)[0m  INSERT INTO "users" ("email", "login", "crypted_password", "remember_token", "name", "activation_code", "remember_token_expires_at", "salt", "created_at", "updated_at", "activated_at") VALUES ('ealin.chiu@gmail.com', 'ealin', '189727d5e4a75801d9dfc06733d783aa1650e049', NULL, '', '6d3cb0264433605bb89d99f7b50f8c96362f3bb2', NULL, '21b5aac5e996f7f17fa6aa5f8ead2a8ad9b268d4', '2011-01-23 05:49:08.943758', '2011-01-23 05:49:08.943758', NULL)
Rendered user_mailer/signup_notification.html.erb (0.5ms)

Sent mail to ealin.chiu@gmail.com (6770ms)
Date: Sun, 23 Jan 2011 13:49:08 +0800
From: admin@PrivateSpace
To: ealin.chiu@gmail.com
Message-ID: <4d3bc1551c37_95681b6840c474aa@Appleteki-MacBook-Pro.local.mail>
Subject: [PrivateSpace] Please activate your new account
Mime-Version: 1.0
Content-Type: text/plain;
 charset=UTF-8
Content-Transfer-Encoding: 7bit

Your account has been created.

  Username: ealin
  Password: ealinya

Visit this url to activate your account:

http://localhost:3000/activate/6d3cb0264433605bb89d99f7b50f8c96362f3bb2
Redirected to http://localhost:3000/
Completed 302 Found in 6867ms


Started GET "/activate/6d3cb0264433605bb89d99f7b50f8c96362f3bb2" for 127.0.0.1 at Sun Jan 23 13:49:37 +0800 2011
  Processing by UsersController#activate as HTML
  Parameters: {"activation_code"=>"6d3cb0264433605bb89d99f7b50f8c96362f3bb2"}
  [1m[36mUser Load (0.4ms)[0m  [1mSELECT "users".* FROM "users" WHERE ("users"."activation_code" = '6d3cb0264433605bb89d99f7b50f8c96362f3bb2') LIMIT 1[0m
  [1m[35mAREL (0.7ms)[0m  UPDATE "users" SET "activated_at" = '2011-01-23 05:49:37.311407', "activation_code" = NULL, "updated_at" = '2011-01-23 05:49:37.312010' WHERE ("users"."id" = 2)
Rendered user_mailer/activation.html.erb (0.4ms)

Sent mail to ealin.chiu@gmail.com (5131ms)
Date: Sun, 23 Jan 2011 13:49:37 +0800
From: admin@PrivateSpace
To: ealin.chiu@gmail.com
Message-ID: <4d3bc17164c2a_956817bc0d8475fe@Appleteki-MacBook-Pro.local.mail>
Subject: [PrivateSpace] Your account has been activated!
Mime-Version: 1.0
Content-Type: text/plain;
 charset=UTF-8
Content-Transfer-Encoding: 7bit

ealin, your account has been activated.  Welcome aboard!

http://localhost:3000/login
Redirected to http://localhost:3000/login
Completed 302 Found in 5287ms


Started GET "/login" for 127.0.0.1 at Sun Jan 23 13:49:42 +0800 2011
  Processing by SessionsController#new as HTML
Rendered sessions/new.html.erb within layouts/application (3.7ms)
Completed 200 OK in 14ms (Views: 12.6ms | ActiveRecord: 1.1ms)


Started POST "/session" for 127.0.0.1 at Sun Jan 23 13:50:32 +0800 2011
  Processing by SessionsController#create as HTML
  Parameters: {"commit"=>"Log in", "authenticity_token"=>"Nqf6ENCqrpcegKLub+wnZIhbQWrRO5FGTnlWvPgOEdk=", "utf8"=>"✓", "password"=>"[FILTERED]", "login"=>"ealin"}
  [1m[36mUser Load (0.6ms)[0m  [1mSELECT "users".* FROM "users" WHERE (login = 'ealin' and activated_at IS NOT NULL) LIMIT 1[0m
Redirected to http://localhost:3000/
Completed 302 Found in 10ms


Started GET "/activity.atom" for 127.0.0.1 at Sun Jan 23 14:02:55 +0800 2011

ActionController::RoutingError (No route matches "/activity.atom"):
  

Rendered /Users/apple/.gem/ruby/1.8/gems/actionpack-3.0.3/lib/action_dispatch/middleware/templates/rescues/routing_error.erb within rescues/layout (1.0ms)


Started GET "/activity.atom" for 127.0.0.1 at Sun Jan 23 14:32:57 +0800 2011

ActionController::RoutingError (No route matches "/activity.atom"):
  

Rendered /Users/apple/.gem/ruby/1.8/gems/actionpack-3.0.3/lib/action_dispatch/middleware/templates/rescues/routing_error.erb within rescues/layout (0.9ms)
  [1m[36mSQL (0.5ms)[0m  [1m SELECT name
 FROM sqlite_master
 WHERE type = 'table' AND NOT name = 'sqlite_sequence'
[0m
  [1m[35mSQL (0.1ms)[0m   SELECT name
 FROM sqlite_master
 WHERE type = 'table' AND NOT name = 'sqlite_sequence'
  [1m[36mSQL (0.1ms)[0m  [1mSELECT "schema_migrations"."version" FROM "schema_migrations"[0m
Migrating to CreateUsers (20110123051903)
Migrating to AddResetCodeToUser (20110123065159)
  [1m[35mSQL (0.1ms)[0m  select sqlite_version(*)
  [1m[36mSQL (0.6ms)[0m  [1mALTER TABLE "users" ADD "reset_code" varchar(255)[0m
  [1m[35mSQL (0.1ms)[0m  INSERT INTO "schema_migrations" ("version") VALUES ('20110123065159')
  [1m[36mSQL (0.2ms)[0m  [1m SELECT name
 FROM sqlite_master
 WHERE type = 'table' AND NOT name = 'sqlite_sequence'
[0m
  [1m[35mSQL (0.3ms)[0m  SELECT "schema_migrations"."version" FROM "schema_migrations"
  [1m[36mSQL (0.2ms)[0m  [1m SELECT name
 FROM sqlite_master
 WHERE type = 'table' AND NOT name = 'sqlite_sequence'
[0m
  [1m[35mSQL (0.1ms)[0m  PRAGMA index_list("users")
  [1m[36mSQL (0.1ms)[0m  [1mPRAGMA index_info('index_users_on_login')[0m


Started GET "/signup" for 127.0.0.1 at Sun Jan 23 14:54:33 +0800 2011
  Processing by UsersController#new as HTML
Rendered users/new.html.erb within layouts/application (17.2ms)
Completed 200 OK in 39ms (Views: 36.9ms | ActiveRecord: 0.0ms)


Started GET "/login" for 127.0.0.1 at Sun Jan 23 14:54:56 +0800 2011
  Processing by SessionsController#new as HTML
Rendered sessions/new.html.erb within layouts/application (3.5ms)
Completed 200 OK in 13ms (Views: 12.6ms | ActiveRecord: 0.0ms)


Started GET "/signup" for 127.0.0.1 at Sun Jan 23 14:55:07 +0800 2011
  Processing by UsersController#new as HTML
Rendered users/new.html.erb within layouts/application (13.2ms)
Completed 200 OK in 24ms (Views: 22.0ms | ActiveRecord: 0.0ms)


Started GET "/forgot" for 127.0.0.1 at Sun Jan 23 14:55:18 +0800 2011
  Processing by UsersController#forgot as HTML
DEPRECATION WARNING: <% %> style block helpers are deprecated. Please use <%= %>. (called from _app_views_users_forgot_html_erb___60102595_2172445440_0 at /Ealin/Project/GitHub/PrivateSpace/app/views/users/forgot.html.erb:4)
Rendered users/forgot.html.erb within layouts/application (4.0ms)
Completed 200 OK in 18ms (Views: 17.2ms | ActiveRecord: 0.0ms)


Started GET "/login" for 127.0.0.1 at Sun Jan 23 14:55:53 +0800 2011
  Processing by SessionsController#new as HTML
Rendered sessions/new.html.erb within layouts/application (3.4ms)
Completed 200 OK in 13ms (Views: 12.2ms | ActiveRecord: 0.0ms)


Started POST "/session" for 127.0.0.1 at Sun Jan 23 14:56:00 +0800 2011
  Processing by SessionsController#create as HTML
  Parameters: {"commit"=>"Log in", "authenticity_token"=>"Nqf6ENCqrpcegKLub+wnZIhbQWrRO5FGTnlWvPgOEdk=", "utf8"=>"✓", "password"=>"[FILTERED]", "login"=>"ealin"}
  [1m[36mUser Load (0.6ms)[0m  [1mSELECT "users".* FROM "users" WHERE (login = 'ealin' and activated_at IS NOT NULL) LIMIT 1[0m
Redirected to http://localhost:3000/
Completed 302 Found in 29ms


Started GET "/forgot" for 127.0.0.1 at Sun Jan 23 14:56:13 +0800 2011
  Processing by UsersController#forgot as HTML
DEPRECATION WARNING: <% %> style block helpers are deprecated. Please use <%= %>. (called from _app_views_users_forgot_html_erb___60102595_2172226820_0 at /Ealin/Project/GitHub/PrivateSpace/app/views/users/forgot.html.erb:4)
Rendered users/forgot.html.erb within layouts/application (4.2ms)
Completed 200 OK in 14ms (Views: 13.2ms | ActiveRecord: 0.6ms)


Started POST "/forgot" for 127.0.0.1 at Sun Jan 23 14:56:28 +0800 2011
  Processing by UsersController#forgot as HTML
  Parameters: {"commit"=>"Submit", "authenticity_token"=>"Nqf6ENCqrpcegKLub+wnZIhbQWrRO5FGTnlWvPgOEdk=", "utf8"=>"✓", "user"=>{"email"=>"ealin.chiu@gmail.com"}}
  [1m[35mSQL (0.2ms)[0m   SELECT name
 FROM sqlite_master
 WHERE type = 'table' AND NOT name = 'sqlite_sequence'
  [1m[36mUser Load (0.3ms)[0m  [1mSELECT "users".* FROM "users" WHERE ("users"."email" = 'ealin.chiu@gmail.com') LIMIT 1[0m
你想輸出的字串
DEPRECATION WARNING: save(false) is deprecated, please give save(:validate => false) instead. (called from create_reset_code at /Ealin/Project/GitHub/PrivateSpace/app/models/user.rb:77)
  [1m[35mAREL (0.5ms)[0m  UPDATE "users" SET "reset_code" = '7d79ed6ae93412d2e9f679526fb665763d3aacdd', "updated_at" = '2011-01-23 06:56:28.525480' WHERE ("users"."id" = 2)
DEPRECATION WARNING: UserMailer.deliver_reset_notification is deprecated, use UserMailer.reset_notification.deliver instead. (called from after_save at /Ealin/Project/GitHub/PrivateSpace/app/models/user_observer.rb:10)
Completed   in 39ms

AbstractController::ActionNotFound (The action 'reset_notification' could not be found for UserMailer):
  app/models/user_observer.rb:10:in `after_save'
  app/models/user.rb:77:in `create_reset_code'
  app/controllers/users_controller.rb:47:in `forgot'
  app/controllers/users_controller.rb:45:in `forgot'

Rendered /Users/apple/.gem/ruby/1.8/gems/actionpack-3.0.3/lib/action_dispatch/middleware/templates/rescues/unknown_action.erb within rescues/layout (0.8ms)


Started GET "/forgot" for 127.0.0.1 at Sun Jan 23 14:58:10 +0800 2011
  Processing by UsersController#forgot as HTML
DEPRECATION WARNING: <% %> style block helpers are deprecated. Please use <%= %>. (called from _app_views_users_forgot_html_erb___60102595_2172410300_0 at /Ealin/Project/GitHub/PrivateSpace/app/views/users/forgot.html.erb:4)
Rendered users/forgot.html.erb within layouts/application (3.8ms)
Completed 200 OK in 13ms (Views: 12.7ms | ActiveRecord: 0.0ms)


Started POST "/forgot" for 127.0.0.1 at Sun Jan 23 14:58:27 +0800 2011
  Processing by UsersController#forgot as HTML
  Parameters: {"commit"=>"Submit", "authenticity_token"=>"Nqf6ENCqrpcegKLub+wnZIhbQWrRO5FGTnlWvPgOEdk=", "utf8"=>"✓", "user"=>{"email"=>"ealin.chiu@gmail.com"}}
  [1m[36mUser Load (0.2ms)[0m  [1mSELECT "users".* FROM "users" WHERE ("users"."email" = 'ealin.chiu@gmail.com') LIMIT 1[0m
你想輸出的字串
DEPRECATION WARNING: save(false) is deprecated, please give save(:validate => false) instead. (called from create_reset_code at /Ealin/Project/GitHub/PrivateSpace/app/models/user.rb:77)
  [1m[35mAREL (0.4ms)[0m  UPDATE "users" SET "updated_at" = '2011-01-23 06:58:27.646078', "reset_code" = 'c0d2541171144304a8d9a87a7950d2a183d0a01b' WHERE ("users"."id" = 2)
DEPRECATION WARNING: UserMailer.deliver_reset_notification is deprecated, use UserMailer.reset_notification.deliver instead. (called from after_save at /Ealin/Project/GitHub/PrivateSpace/app/models/user_observer.rb:10)
DEPRECATION WARNING: Giving a hash to body is deprecated, please use instance variables instead. (called from process at /Users/apple/.gem/ruby/1.8/gems/actionmailer-3.0.3/lib/action_mailer/old_api.rb:77)
Rendered user_mailer/reset_notification.html.erb (0.5ms)

Sent mail to ealin.chiu@gmail.com (5580ms)
Date: Sun, 23 Jan 2011 14:58:27 +0800
From: admin@PrivateSpace
To: ealin.chiu@gmail.com
Message-ID: <4d3bd193b6f61_a4281bf0398682f5@Appleteki-MacBook-Pro.local.mail>
Subject: [PrivateSpace] Link to reset your password
Mime-Version: 1.0
Content-Type: text/plain;
 charset=UTF-8
Content-Transfer-Encoding: 7bit

# app/views/user_mailer/reset_notification.html.erb  
  
Request to reset password received for ealin  
  
Visit this url to choose a new password:  
  
http://localhost:3000/reset/c0d2541171144304a8d9a87a7950d2a183d0a01b  
(Your password will remain the same if no action is taken)
Redirected to http://localhost:3000/login
Completed 302 Found in 5690ms


Started GET "/login" for 127.0.0.1 at Sun Jan 23 14:58:33 +0800 2011
  Processing by SessionsController#new as HTML
Rendered sessions/new.html.erb within layouts/application (90.2ms)
Completed 200 OK in 100ms (Views: 99.2ms | ActiveRecord: 0.7ms)


Started GET "/reset/c0d2541171144304a8d9a87a7950d2a183d0a01b" for 127.0.0.1 at Sun Jan 23 14:58:49 +0800 2011
  Processing by UsersController#reset as HTML
  Parameters: {"reset_code"=>"c0d2541171144304a8d9a87a7950d2a183d0a01b"}
  [1m[36mUser Load (0.2ms)[0m  [1mSELECT "users".* FROM "users" WHERE ("users"."reset_code" = 'c0d2541171144304a8d9a87a7950d2a183d0a01b') LIMIT 1[0m
DEPRECATION WARNING: <% %> style block helpers are deprecated. Please use <%= %>. (called from _app_views_users_reset_html_erb__1175075886_2174456800_0 at /Ealin/Project/GitHub/PrivateSpace/app/views/users/reset.html.erb:5)
Rendered users/reset.html.erb within layouts/application (14.4ms)
Completed 200 OK in 64ms (Views: 60.6ms | ActiveRecord: 0.2ms)


Started POST "/reset/c0d2541171144304a8d9a87a7950d2a183d0a01b" for 127.0.0.1 at Sun Jan 23 14:59:00 +0800 2011
  Processing by UsersController#reset as HTML
  Parameters: {"commit"=>"Reset", "authenticity_token"=>"Nqf6ENCqrpcegKLub+wnZIhbQWrRO5FGTnlWvPgOEdk=", "utf8"=>"✓", "user"=>{"password_confirmation"=>"[FILTERED]", "password"=>"[FILTERED]"}, "reset_code"=>"c0d2541171144304a8d9a87a7950d2a183d0a01b"}
  [1m[35mUser Load (0.2ms)[0m  SELECT "users".* FROM "users" WHERE ("users"."reset_code" = 'c0d2541171144304a8d9a87a7950d2a183d0a01b') LIMIT 1
  [1m[36mUser Load (0.2ms)[0m  [1mSELECT "users"."id" FROM "users" WHERE ("users"."login" = 'ealin') AND ("users".id <> 2) LIMIT 1[0m
  [1m[35mUser Load (0.1ms)[0m  SELECT "users"."id" FROM "users" WHERE ("users"."email" = 'ealin.chiu@gmail.com') AND ("users".id <> 2) LIMIT 1
WARNING: Can't mass-assign protected attributes: reset_code
DEPRECATION WARNING: save(false) is deprecated, please give save(:validate => false) instead. (called from delete_reset_code at /Ealin/Project/GitHub/PrivateSpace/app/models/user.rb:89)
Completed   in 20ms

NameError (undefined local variable or method `root_url' for #<UsersController:0x103027890>):
  app/controllers/users_controller.rb:72:in `reset'

Rendered /Users/apple/.gem/ruby/1.8/gems/actionpack-3.0.3/lib/action_dispatch/middleware/templates/rescues/_trace.erb (1.6ms)
Rendered /Users/apple/.gem/ruby/1.8/gems/actionpack-3.0.3/lib/action_dispatch/middleware/templates/rescues/_request_and_response.erb (96.8ms)
Rendered /Users/apple/.gem/ruby/1.8/gems/actionpack-3.0.3/lib/action_dispatch/middleware/templates/rescues/diagnostics.erb within rescues/layout (107.4ms)


Started GET "/reset" for 127.0.0.1 at Sun Jan 23 15:00:42 +0800 2011

ActionController::RoutingError (No route matches "/reset"):
  

Rendered /Users/apple/.gem/ruby/1.8/gems/actionpack-3.0.3/lib/action_dispatch/middleware/templates/rescues/routing_error.erb within rescues/layout (0.9ms)


Started GET "/login" for 127.0.0.1 at Sun Jan 23 15:00:50 +0800 2011
  Processing by SessionsController#new as HTML
Rendered sessions/new.html.erb within layouts/application (3.4ms)
Completed 200 OK in 13ms (Views: 12.3ms | ActiveRecord: 0.0ms)


Started POST "/session" for 127.0.0.1 at Sun Jan 23 15:00:55 +0800 2011
  Processing by SessionsController#create as HTML
  Parameters: {"commit"=>"Log in", "authenticity_token"=>"Nqf6ENCqrpcegKLub+wnZIhbQWrRO5FGTnlWvPgOEdk=", "utf8"=>"✓", "password"=>"[FILTERED]", "login"=>"ealin"}
  [1m[36mUser Load (0.6ms)[0m  [1mSELECT "users".* FROM "users" WHERE (login = 'ealin' and activated_at IS NOT NULL) LIMIT 1[0m
Redirected to http://localhost:3000/
Completed 302 Found in 11ms


Started GET "/login" for 127.0.0.1 at Sun Jan 23 15:01:05 +0800 2011
  Processing by SessionsController#new as HTML
Rendered sessions/new.html.erb within layouts/application (3.6ms)
Completed 200 OK in 13ms (Views: 12.3ms | ActiveRecord: 0.6ms)


Started POST "/session" for 127.0.0.1 at Sun Jan 23 15:01:42 +0800 2011
  Processing by SessionsController#create as HTML
  Parameters: {"commit"=>"Log in", "authenticity_token"=>"Nqf6ENCqrpcegKLub+wnZIhbQWrRO5FGTnlWvPgOEdk=", "utf8"=>"✓", "password"=>"[FILTERED]", "login"=>"ealin"}
  [1m[35mUser Load (0.6ms)[0m  SELECT "users".* FROM "users" WHERE (login = 'ealin' and activated_at IS NOT NULL) LIMIT 1
Redirected to http://localhost:3000/
Completed 302 Found in 11ms


Started GET "/logout" for 127.0.0.1 at Sun Jan 23 15:01:47 +0800 2011
  Processing by SessionsController#destroy as HTML
Redirected to http://localhost:3000/
Completed 302 Found in 1ms


Started GET "/login" for 127.0.0.1 at Sun Jan 23 15:02:04 +0800 2011
  Processing by SessionsController#new as HTML
Rendered sessions/new.html.erb within layouts/application (3.4ms)
Completed 200 OK in 13ms (Views: 12.3ms | ActiveRecord: 0.0ms)


Started GET "/forgot" for 127.0.0.1 at Sun Jan 23 15:02:12 +0800 2011
  Processing by UsersController#forgot as HTML
DEPRECATION WARNING: <% %> style block helpers are deprecated. Please use <%= %>. (called from _app_views_users_forgot_html_erb___60102595_2175597960_0 at /Ealin/Project/GitHub/PrivateSpace/app/views/users/forgot.html.erb:4)
Rendered users/forgot.html.erb within layouts/application (4.0ms)
Completed 200 OK in 13ms (Views: 12.8ms | ActiveRecord: 0.0ms)


Started POST "/forgot" for 127.0.0.1 at Sun Jan 23 15:02:26 +0800 2011
  Processing by UsersController#forgot as HTML
  Parameters: {"commit"=>"Submit", "authenticity_token"=>"wUbirYKU4cBDjT5tqf/01FJXXchYSOcUVzqjnMbBmrU=", "utf8"=>"✓", "user"=>{"email"=>"ealin.chiu@gmail.com"}}
  [1m[36mUser Load (0.2ms)[0m  [1mSELECT "users".* FROM "users" WHERE ("users"."email" = 'ealin.chiu@gmail.com') LIMIT 1[0m
你想輸出的字串
DEPRECATION WARNING: save(false) is deprecated, please give save(:validate => false) instead. (called from create_reset_code at /Ealin/Project/GitHub/PrivateSpace/app/models/user.rb:77)
  [1m[35mAREL (0.4ms)[0m  UPDATE "users" SET "reset_code" = '415d954f51bfe874c01eab308037312854ead7ac', "updated_at" = '2011-01-23 07:02:26.470809' WHERE ("users"."id" = 2)
DEPRECATION WARNING: UserMailer.deliver_reset_notification is deprecated, use UserMailer.reset_notification.deliver instead. (called from after_save at /Ealin/Project/GitHub/PrivateSpace/app/models/user_observer.rb:10)
DEPRECATION WARNING: Giving a hash to body is deprecated, please use instance variables instead. (called from process at /Users/apple/.gem/ruby/1.8/gems/actionmailer-3.0.3/lib/action_mailer/old_api.rb:77)
Rendered user_mailer/reset_notification.html.erb (0.4ms)

Sent mail to ealin.chiu@gmail.com (5320ms)
Date: Sun, 23 Jan 2011 15:02:26 +0800
From: admin@PrivateSpace
To: ealin.chiu@gmail.com
Message-ID: <4d3bd2827c42d_a428180937468356@Appleteki-MacBook-Pro.local.mail>
Subject: [PrivateSpace] Link to reset your password
Mime-Version: 1.0
Content-Type: text/plain;
 charset=UTF-8
Content-Transfer-Encoding: 7bit

# app/views/user_mailer/reset_notification.html.erb  
  
Request to reset password received for ealin  
  
Visit this url to choose a new password:  
  
http://localhost:3000/reset/415d954f51bfe874c01eab308037312854ead7ac  
(Your password will remain the same if no action is taken)
Redirected to http://localhost:3000/login
Completed 302 Found in 5370ms


Started GET "/login" for 127.0.0.1 at Sun Jan 23 15:02:31 +0800 2011
  Processing by SessionsController#new as HTML
Rendered sessions/new.html.erb within layouts/application (3.5ms)
Completed 200 OK in 13ms (Views: 12.1ms | ActiveRecord: 0.6ms)


Started GET "/reset/415d954f51bfe874c01eab308037312854ead7ac" for 127.0.0.1 at Sun Jan 23 15:02:52 +0800 2011
  Processing by UsersController#reset as HTML
  Parameters: {"reset_code"=>"415d954f51bfe874c01eab308037312854ead7ac"}
  [1m[36mUser Load (0.3ms)[0m  [1mSELECT "users".* FROM "users" WHERE ("users"."reset_code" = '415d954f51bfe874c01eab308037312854ead7ac') LIMIT 1[0m
DEPRECATION WARNING: <% %> style block helpers are deprecated. Please use <%= %>. (called from _app_views_users_reset_html_erb__1175075886_2173988140_0 at /Ealin/Project/GitHub/PrivateSpace/app/views/users/reset.html.erb:5)
Rendered users/reset.html.erb within layouts/application (11.6ms)
Completed 200 OK in 24ms (Views: 20.3ms | ActiveRecord: 0.3ms)


Started GET "/activity.atom" for 127.0.0.1 at Sun Jan 23 15:02:58 +0800 2011

ActionController::RoutingError (No route matches "/activity.atom"):
  

Rendered /Users/apple/.gem/ruby/1.8/gems/actionpack-3.0.3/lib/action_dispatch/middleware/templates/rescues/routing_error.erb within rescues/layout (0.9ms)


Started POST "/reset/415d954f51bfe874c01eab308037312854ead7ac" for 127.0.0.1 at Sun Jan 23 15:02:58 +0800 2011
  Processing by UsersController#reset as HTML
  Parameters: {"commit"=>"Reset", "authenticity_token"=>"wUbirYKU4cBDjT5tqf/01FJXXchYSOcUVzqjnMbBmrU=", "utf8"=>"✓", "user"=>{"password_confirmation"=>"[FILTERED]", "password"=>"[FILTERED]"}, "reset_code"=>"415d954f51bfe874c01eab308037312854ead7ac"}
  [1m[35mUser Load (0.3ms)[0m  SELECT "users".* FROM "users" WHERE ("users"."reset_code" = '415d954f51bfe874c01eab308037312854ead7ac') LIMIT 1
  [1m[36mUser Load (0.2ms)[0m  [1mSELECT "users"."id" FROM "users" WHERE ("users"."login" = 'ealin') AND ("users".id <> 2) LIMIT 1[0m
  [1m[35mUser Load (0.1ms)[0m  SELECT "users"."id" FROM "users" WHERE ("users"."email" = 'ealin.chiu@gmail.com') AND ("users".id <> 2) LIMIT 1
WARNING: Can't mass-assign protected attributes: reset_code
DEPRECATION WARNING: save(false) is deprecated, please give save(:validate => false) instead. (called from delete_reset_code at /Ealin/Project/GitHub/PrivateSpace/app/models/user.rb:89)
Redirected to http://localhost:3000/login
Completed 302 Found in 16ms


Started GET "/login" for 127.0.0.1 at Sun Jan 23 15:02:58 +0800 2011
  Processing by SessionsController#new as HTML
Rendered sessions/new.html.erb within layouts/application (3.5ms)
Completed 200 OK in 13ms (Views: 12.5ms | ActiveRecord: 0.6ms)


Started POST "/session" for 127.0.0.1 at Sun Jan 23 15:03:05 +0800 2011
  Processing by SessionsController#create as HTML
  Parameters: {"commit"=>"Log in", "authenticity_token"=>"wUbirYKU4cBDjT5tqf/01FJXXchYSOcUVzqjnMbBmrU=", "utf8"=>"✓", "password"=>"[FILTERED]", "login"=>"ealin"}
  [1m[36mUser Load (0.5ms)[0m  [1mSELECT "users".* FROM "users" WHERE (login = 'ealin' and activated_at IS NOT NULL) LIMIT 1[0m
Redirected to http://localhost:3000/
Completed 302 Found in 11ms


Started GET "/login" for 127.0.0.1 at Sun Jan 23 15:06:57 +0800 2011
  Processing by SessionsController#new as HTML
Rendered sessions/new.html.erb within layouts/application (295.7ms)
Completed   in 305ms

ActionView::Template::Error (undefined local variable or method `include_tiny_mce_if_needed' for #<#<Class:0x1035b0028>:0x1035addf0>):
    5:   <%= stylesheet_link_tag :all %>
    6:   <%= javascript_include_tag :defaults %>
    7:   <%= csrf_meta_tag %>
    8:   <%= include_tiny_mce_if_needed %>
    9: </head>
    10: 
    11: <div class="user">  
  app/views/layouts/application.html.erb:8:in `_app_views_layouts_application_html_erb___936444725_2175614580_0'

Rendered /Users/apple/.gem/ruby/1.8/gems/actionpack-3.0.3/lib/action_dispatch/middleware/templates/rescues/_trace.erb (1.7ms)
Rendered /Users/apple/.gem/ruby/1.8/gems/actionpack-3.0.3/lib/action_dispatch/middleware/templates/rescues/_request_and_response.erb (6.7ms)
Rendered /Users/apple/.gem/ruby/1.8/gems/actionpack-3.0.3/lib/action_dispatch/middleware/templates/rescues/template_error.erb within rescues/layout (15.5ms)


Started GET "/login" for 127.0.0.1 at Sun Jan 23 15:08:06 +0800 2011
  Processing by SessionsController#new as HTML
  [1m[35mUser Load (0.2ms)[0m  SELECT "users".* FROM "users" WHERE ("users"."id" = 2) LIMIT 1
Rendered sessions/new.html.erb within layouts/application (13.2ms)
Completed 200 OK in 23ms (Views: 22.2ms | ActiveRecord: 0.2ms)


Started GET "/logout" for 127.0.0.1 at Sun Jan 23 15:08:09 +0800 2011
  Processing by SessionsController#destroy as HTML
Redirected to http://localhost:3000/
Completed 302 Found in 1ms


Started GET "/login" for 127.0.0.1 at Sun Jan 23 15:08:15 +0800 2011
  Processing by SessionsController#new as HTML
Rendered sessions/new.html.erb within layouts/application (3.7ms)
Completed 200 OK in 14ms (Views: 13.0ms | ActiveRecord: 0.0ms)


Started POST "/session" for 127.0.0.1 at Sun Jan 23 15:08:35 +0800 2011
  Processing by SessionsController#create as HTML
  Parameters: {"commit"=>"Log in", "authenticity_token"=>"9QNOHuy+kRN5mxfz28NSz/iv9tcJonCyCP/3mWUabt8=", "utf8"=>"✓", "password"=>"[FILTERED]", "login"=>"ealin"}
  [1m[36mUser Load (0.5ms)[0m  [1mSELECT "users".* FROM "users" WHERE (login = 'ealin' and activated_at IS NOT NULL) LIMIT 1[0m
Redirected to http://localhost:3000/
Completed 302 Found in 10ms


Started GET "/login" for 127.0.0.1 at Sun Jan 23 15:08:42 +0800 2011
  Processing by SessionsController#new as HTML
  [1m[35mUser Load (0.2ms)[0m  SELECT "users".* FROM "users" WHERE ("users"."id" = 2) LIMIT 1
Rendered sessions/new.html.erb within layouts/application (14.3ms)
Completed 200 OK in 24ms (Views: 22.8ms | ActiveRecord: 0.8ms)


Started GET "/" for 127.0.0.1 at Sun Jan 23 15:18:36 +0800 2011
  Processing by UsersController#index as HTML
  [1m[36mSQL (0.2ms)[0m  [1m SELECT name
 FROM sqlite_master
 WHERE type = 'table' AND NOT name = 'sqlite_sequence'
[0m
  [1m[35mUser Load (0.3ms)[0m  SELECT "users".* FROM "users" WHERE ("users"."id" = 2) LIMIT 1
Rendered users/index.html.erb within layouts/application (45.0ms)
Completed 200 OK in 55ms (Views: 53.9ms | ActiveRecord: 0.5ms)


Started GET "/logout" for 127.0.0.1 at Sun Jan 23 15:18:42 +0800 2011
  Processing by SessionsController#destroy as HTML
Redirected to http://localhost:3000/
Completed 302 Found in 1ms


Started GET "/" for 127.0.0.1 at Sun Jan 23 15:18:42 +0800 2011
  Processing by UsersController#index as HTML
Rendered users/index.html.erb within layouts/application (2.3ms)
Completed 200 OK in 11ms (Views: 10.8ms | ActiveRecord: 0.0ms)


Started GET "/" for 127.0.0.1 at Sun Jan 23 15:21:35 +0800 2011
  Processing by UsersController#index as HTML
ERROR: compiling _app_views_users_index_html_erb__1919393160_2174012320_0 RAISED compile error
/Ealin/Project/GitHub/PrivateSpace/app/views/users/index.html.erb:13: syntax error, unexpected ')'
..._to "Signup", :signup unless );@output_buffer.safe_concat(' ...
                              ^
/Ealin/Project/GitHub/PrivateSpace/app/views/users/index.html.erb:22: syntax error, unexpected kENSURE, expecting ')'
/Ealin/Project/GitHub/PrivateSpace/app/views/users/index.html.erb:24: syntax error, unexpected kEND, expecting ')'
Function body:           def _app_views_users_index_html_erb__1919393160_2174012320_0(local_assigns)
            _old_virtual_path, @_virtual_path = @_virtual_path, "users/index";_old_output_buffer = @output_buffer;;@output_buffer = ActionView::OutputBuffer.new;@output_buffer.safe_concat('

<!DOCTYPE html>
<html>
<head>
  <title>PrivateSpace</title>
  ');@output_buffer.append= ( stylesheet_link_tag :all );@output_buffer.safe_concat('
');@output_buffer.safe_concat('  ');@output_buffer.append= ( javascript_include_tag :defaults );@output_buffer.safe_concat('
');@output_buffer.safe_concat('  ');@output_buffer.append= ( csrf_meta_tag );@output_buffer.safe_concat('
');@output_buffer.safe_concat('</head>

<div class="user">  
  ');@output_buffer.append= ( link_to "Signup", :signup unless );@output_buffer.safe_concat('  
');@output_buffer.safe_concat('</div>  

<body style="background: #EEEEEE;">

');@output_buffer.append= ( yield );@output_buffer.safe_concat('
');@output_buffer.safe_concat('
</body>
</html>');@output_buffer.to_s
          ensure
            @_virtual_path, @output_buffer = _old_virtual_path, _old_output_buffer
          end
Backtrace: /Ealin/Project/GitHub/PrivateSpace/app/views/users/index.html.erb:24:in `compile'
/Users/apple/.gem/ruby/1.8/gems/actionpack-3.0.3/lib/action_view/template.rb:134:in `render'
/Users/apple/.gem/ruby/1.8/gems/activesupport-3.0.3/lib/active_support/notifications.rb:54:in `instrument'
/Users/apple/.gem/ruby/1.8/gems/actionpack-3.0.3/lib/action_view/template.rb:127:in `render'
/Users/apple/.gem/ruby/1.8/gems/actionpack-3.0.3/lib/action_view/render/rendering.rb:59:in `_render_template'
/Users/apple/.gem/ruby/1.8/gems/activesupport-3.0.3/lib/active_support/notifications.rb:52:in `instrument'
/Users/apple/.gem/ruby/1.8/gems/activesupport-3.0.3/lib/active_support/notifications/instrumenter.rb:21:in `instrument'
/Users/apple/.gem/ruby/1.8/gems/activesupport-3.0.3/lib/active_support/notifications.rb:52:in `instrument'
/Users/apple/.gem/ruby/1.8/gems/actionpack-3.0.3/lib/action_view/render/rendering.rb:56:in `_render_template'
/Users/apple/.gem/ruby/1.8/gems/actionpack-3.0.3/lib/action_view/render/rendering.rb:26:in `render'
/Users/apple/.gem/ruby/1.8/gems/actionpack-3.0.3/lib/abstract_controller/rendering.rb:114:in `_render_template'
/Users/apple/.gem/ruby/1.8/gems/actionpack-3.0.3/lib/abstract_controller/rendering.rb:108:in `render_to_body'
/Users/apple/.gem/ruby/1.8/gems/actionpack-3.0.3/lib/action_controller/metal/renderers.rb:47:in `render_to_body'
/Users/apple/.gem/ruby/1.8/gems/actionpack-3.0.3/lib/action_controller/metal/compatibility.rb:55:in `render_to_body'
/Users/apple/.gem/ruby/1.8/gems/actionpack-3.0.3/lib/abstract_controller/rendering.rb:101:in `render_to_string'
/Users/apple/.gem/ruby/1.8/gems/actionpack-3.0.3/lib/abstract_controller/rendering.rb:92:in `render'
/Users/apple/.gem/ruby/1.8/gems/actionpack-3.0.3/lib/action_controller/metal/rendering.rb:17:in `render'
/Users/apple/.gem/ruby/1.8/gems/actionpack-3.0.3/lib/action_controller/metal/instrumentation.rb:40:in `render'
/Users/apple/.gem/ruby/1.8/gems/activesupport-3.0.3/lib/active_support/core_ext/benchmark.rb:5:in `ms'
/System/Library/Frameworks/Ruby.framework/Versions/1.8/usr/lib/ruby/1.8/benchmark.rb:308:in `realtime'
/Users/apple/.gem/ruby/1.8/gems/activesupport-3.0.3/lib/active_support/core_ext/benchmark.rb:5:in `ms'
/Users/apple/.gem/ruby/1.8/gems/actionpack-3.0.3/lib/action_controller/metal/instrumentation.rb:40:in `render'
/Users/apple/.gem/ruby/1.8/gems/actionpack-3.0.3/lib/action_controller/metal/instrumentation.rb:78:in `cleanup_view_runtime'
/Users/apple/.gem/ruby/1.8/gems/activerecord-3.0.3/lib/active_record/railties/controller_runtime.rb:15:in `cleanup_view_runtime'
/Users/apple/.gem/ruby/1.8/gems/actionpack-3.0.3/lib/action_controller/metal/instrumentation.rb:39:in `render'
/Users/apple/.gem/ruby/1.8/gems/actionpack-3.0.3/lib/action_controller/metal/implicit_render.rb:10:in `default_render'
/Users/apple/.gem/ruby/1.8/gems/actionpack-3.0.3/lib/action_controller/metal/implicit_render.rb:5:in `send_action'
/Users/apple/.gem/ruby/1.8/gems/actionpack-3.0.3/lib/abstract_controller/base.rb:151:in `process_action'
/Users/apple/.gem/ruby/1.8/gems/actionpack-3.0.3/lib/action_controller/metal/rendering.rb:11:in `process_action'
/Users/apple/.gem/ruby/1.8/gems/actionpack-3.0.3/lib/abstract_controller/callbacks.rb:18:in `process_action'
/Users/apple/.gem/ruby/1.8/gems/activesupport-3.0.3/lib/active_support/callbacks.rb:435:in `_run__434435962__process_action__199225275__callbacks'
/Users/apple/.gem/ruby/1.8/gems/activesupport-3.0.3/lib/active_support/callbacks.rb:409:in `send'
/Users/apple/.gem/ruby/1.8/gems/activesupport-3.0.3/lib/active_support/callbacks.rb:409:in `_run_process_action_callbacks'
/Users/apple/.gem/ruby/1.8/gems/activesupport-3.0.3/lib/active_support/callbacks.rb:93:in `send'
/Users/apple/.gem/ruby/1.8/gems/activesupport-3.0.3/lib/active_support/callbacks.rb:93:in `run_callbacks'
/Users/apple/.gem/ruby/1.8/gems/actionpack-3.0.3/lib/abstract_controller/callbacks.rb:17:in `process_action'
/Users/apple/.gem/ruby/1.8/gems/actionpack-3.0.3/lib/action_controller/metal/instrumentation.rb:30:in `process_action'
/Users/apple/.gem/ruby/1.8/gems/activesupport-3.0.3/lib/active_support/notifications.rb:52:in `instrument'
/Users/apple/.gem/ruby/1.8/gems/activesupport-3.0.3/lib/active_support/notifications/instrumenter.rb:21:in `instrument'
/Users/apple/.gem/ruby/1.8/gems/activesupport-3.0.3/lib/active_support/notifications.rb:52:in `instrument'
/Users/apple/.gem/ruby/1.8/gems/actionpack-3.0.3/lib/action_controller/metal/instrumentation.rb:29:in `process_action'
/Users/apple/.gem/ruby/1.8/gems/actionpack-3.0.3/lib/action_controller/metal/rescue.rb:17:in `process_action'
/Users/apple/.gem/ruby/1.8/gems/actionpack-3.0.3/lib/abstract_controller/base.rb:120:in `process'
/Users/apple/.gem/ruby/1.8/gems/actionpack-3.0.3/lib/abstract_controller/rendering.rb:40:in `process'
/Users/apple/.gem/ruby/1.8/gems/actionpack-3.0.3/lib/action_controller/metal.rb:138:in `dispatch'
/Users/apple/.gem/ruby/1.8/gems/actionpack-3.0.3/lib/action_controller/metal/rack_delegation.rb:14:in `dispatch'
/Users/apple/.gem/ruby/1.8/gems/actionpack-3.0.3/lib/action_controller/metal.rb:178:in `action'
/Users/apple/.gem/ruby/1.8/gems/actionpack-3.0.3/lib/action_dispatch/routing/route_set.rb:62:in `call'
/Users/apple/.gem/ruby/1.8/gems/actionpack-3.0.3/lib/action_dispatch/routing/route_set.rb:62:in `dispatch'
/Users/apple/.gem/ruby/1.8/gems/actionpack-3.0.3/lib/action_dispatch/routing/route_set.rb:27:in `call'
/Users/apple/.gem/ruby/1.8/gems/rack-mount-0.6.13/lib/rack/mount/route_set.rb:148:in `call'
/Users/apple/.gem/ruby/1.8/gems/rack-mount-0.6.13/lib/rack/mount/code_generation.rb:93:in `recognize'
/Users/apple/.gem/ruby/1.8/gems/rack-mount-0.6.13/lib/rack/mount/code_generation.rb:68:in `optimized_each'
/Users/apple/.gem/ruby/1.8/gems/rack-mount-0.6.13/lib/rack/mount/code_generation.rb:92:in `recognize'
/Users/apple/.gem/ruby/1.8/gems/rack-mount-0.6.13/lib/rack/mount/route_set.rb:139:in `call'
/Users/apple/.gem/ruby/1.8/gems/actionpack-3.0.3/lib/action_dispatch/routing/route_set.rb:492:in `call'
/Users/apple/.gem/ruby/1.8/gems/actionpack-3.0.3/lib/action_dispatch/middleware/best_standards_support.rb:17:in `call'
/Users/apple/.gem/ruby/1.8/gems/actionpack-3.0.3/lib/action_dispatch/middleware/head.rb:14:in `call'
/Users/apple/.gem/ruby/1.8/gems/rack-1.2.1/lib/rack/methodoverride.rb:24:in `call'
/Users/apple/.gem/ruby/1.8/gems/actionpack-3.0.3/lib/action_dispatch/middleware/params_parser.rb:21:in `call'
/Users/apple/.gem/ruby/1.8/gems/actionpack-3.0.3/lib/action_dispatch/middleware/flash.rb:182:in `call'
/Users/apple/.gem/ruby/1.8/gems/actionpack-3.0.3/lib/action_dispatch/middleware/session/abstract_store.rb:149:in `call'
/Users/apple/.gem/ruby/1.8/gems/actionpack-3.0.3/lib/action_dispatch/middleware/cookies.rb:295:in `call'
/Users/apple/.gem/ruby/1.8/gems/activerecord-3.0.3/lib/active_record/query_cache.rb:32:in `call'
/Users/apple/.gem/ruby/1.8/gems/activerecord-3.0.3/lib/active_record/connection_adapters/abstract/query_cache.rb:28:in `cache'
/Users/apple/.gem/ruby/1.8/gems/activerecord-3.0.3/lib/active_record/query_cache.rb:12:in `cache'
/Users/apple/.gem/ruby/1.8/gems/activerecord-3.0.3/lib/active_record/query_cache.rb:31:in `call'
/Users/apple/.gem/ruby/1.8/gems/activerecord-3.0.3/lib/active_record/connection_adapters/abstract/connection_pool.rb:353:in `call'
/Users/apple/.gem/ruby/1.8/gems/actionpack-3.0.3/lib/action_dispatch/middleware/callbacks.rb:46:in `call'
/Users/apple/.gem/ruby/1.8/gems/activesupport-3.0.3/lib/active_support/callbacks.rb:415:in `_run_call_callbacks'
/Users/apple/.gem/ruby/1.8/gems/actionpack-3.0.3/lib/action_dispatch/middleware/callbacks.rb:44:in `call'
/Users/apple/.gem/ruby/1.8/gems/rack-1.2.1/lib/rack/sendfile.rb:107:in `call'
/Users/apple/.gem/ruby/1.8/gems/actionpack-3.0.3/lib/action_dispatch/middleware/remote_ip.rb:48:in `call'
/Users/apple/.gem/ruby/1.8/gems/actionpack-3.0.3/lib/action_dispatch/middleware/show_exceptions.rb:46:in `call'
/Library/Ruby/Gems/1.8/gems/railties-3.0.3/lib/rails/rack/logger.rb:13:in `call'
/Users/apple/.gem/ruby/1.8/gems/rack-1.2.1/lib/rack/runtime.rb:17:in `call'
/Users/apple/.gem/ruby/1.8/gems/activesupport-3.0.3/lib/active_support/cache/strategy/local_cache.rb:72:in `call'
/Users/apple/.gem/ruby/1.8/gems/rack-1.2.1/lib/rack/lock.rb:11:in `call'
/Users/apple/.gem/ruby/1.8/gems/rack-1.2.1/lib/rack/lock.rb:11:in `synchronize'
/Users/apple/.gem/ruby/1.8/gems/rack-1.2.1/lib/rack/lock.rb:11:in `call'
/Users/apple/.gem/ruby/1.8/gems/actionpack-3.0.3/lib/action_dispatch/middleware/static.rb:30:in `call'
/Library/Ruby/Gems/1.8/gems/railties-3.0.3/lib/rails/application.rb:168:in `call'
/Library/Ruby/Gems/1.8/gems/railties-3.0.3/lib/rails/application.rb:77:in `send'
/Library/Ruby/Gems/1.8/gems/railties-3.0.3/lib/rails/application.rb:77:in `method_missing'
/Library/Ruby/Gems/1.8/gems/railties-3.0.3/lib/rails/rack/log_tailer.rb:14:in `call'
/Users/apple/.gem/ruby/1.8/gems/rack-1.2.1/lib/rack/content_length.rb:13:in `call'
/Users/apple/.gem/ruby/1.8/gems/rack-1.2.1/lib/rack/handler/webrick.rb:52:in `service'
/System/Library/Frameworks/Ruby.framework/Versions/1.8/usr/lib/ruby/1.8/webrick/httpserver.rb:104:in `service'
/System/Library/Frameworks/Ruby.framework/Versions/1.8/usr/lib/ruby/1.8/webrick/httpserver.rb:65:in `run'
/System/Library/Frameworks/Ruby.framework/Versions/1.8/usr/lib/ruby/1.8/webrick/server.rb:173:in `start_thread'
/System/Library/Frameworks/Ruby.framework/Versions/1.8/usr/lib/ruby/1.8/webrick/server.rb:162:in `start'
/System/Library/Frameworks/Ruby.framework/Versions/1.8/usr/lib/ruby/1.8/webrick/server.rb:162:in `start_thread'
/System/Library/Frameworks/Ruby.framework/Versions/1.8/usr/lib/ruby/1.8/webrick/server.rb:95:in `start'
/System/Library/Frameworks/Ruby.framework/Versions/1.8/usr/lib/ruby/1.8/webrick/server.rb:92:in `each'
/System/Library/Frameworks/Ruby.framework/Versions/1.8/usr/lib/ruby/1.8/webrick/server.rb:92:in `start'
/System/Library/Frameworks/Ruby.framework/Versions/1.8/usr/lib/ruby/1.8/webrick/server.rb:23:in `start'
/System/Library/Frameworks/Ruby.framework/Versions/1.8/usr/lib/ruby/1.8/webrick/server.rb:82:in `start'
/Users/apple/.gem/ruby/1.8/gems/rack-1.2.1/lib/rack/handler/webrick.rb:13:in `run'
/Users/apple/.gem/ruby/1.8/gems/rack-1.2.1/lib/rack/server.rb:213:in `start'
/Library/Ruby/Gems/1.8/gems/railties-3.0.3/lib/rails/commands/server.rb:65:in `start'
/Library/Ruby/Gems/1.8/gems/railties-3.0.3/lib/rails/commands.rb:30
/Library/Ruby/Gems/1.8/gems/railties-3.0.3/lib/rails/commands.rb:27:in `tap'
/Library/Ruby/Gems/1.8/gems/railties-3.0.3/lib/rails/commands.rb:27
script/rails:6:in `require'
script/rails:6
Rendered users/index.html.erb within layouts/application (3.4ms)
Completed   in 13ms

ActionView::Template::Error (compile error
/Ealin/Project/GitHub/PrivateSpace/app/views/users/index.html.erb:13: syntax error, unexpected ')'
..._to "Signup", :signup unless );@output_buffer.safe_concat(' ...
                              ^
/Ealin/Project/GitHub/PrivateSpace/app/views/users/index.html.erb:22: syntax error, unexpected kENSURE, expecting ')'
/Ealin/Project/GitHub/PrivateSpace/app/views/users/index.html.erb:24: syntax error, unexpected kEND, expecting ')'):
    10: </head>
    11: 
    12: <div class="user">  
    13:   <%= link_to "Signup", :signup unless %>  
    14: </div>  
    15: 
    16: <body style="background: #EEEEEE;">
  app/views/users/index.html.erb:24:in `compile'

Rendered /Users/apple/.gem/ruby/1.8/gems/actionpack-3.0.3/lib/action_dispatch/middleware/templates/rescues/_trace.erb (1.4ms)
Rendered /Users/apple/.gem/ruby/1.8/gems/actionpack-3.0.3/lib/action_dispatch/middleware/templates/rescues/_request_and_response.erb (5.6ms)
Rendered /Users/apple/.gem/ruby/1.8/gems/actionpack-3.0.3/lib/action_dispatch/middleware/templates/rescues/template_error.erb within rescues/layout (13.5ms)


Started GET "/" for 127.0.0.1 at Sun Jan 23 15:22:18 +0800 2011
  Processing by UsersController#index as HTML
Rendered users/index.html.erb within layouts/application (4.3ms)
Completed 200 OK in 14ms (Views: 13.6ms | ActiveRecord: 0.0ms)


Started GET "/signup" for 127.0.0.1 at Sun Jan 23 15:22:33 +0800 2011
  Processing by UsersController#new as HTML
Rendered users/new.html.erb within layouts/application (14.1ms)
Completed 200 OK in 25ms (Views: 23.3ms | ActiveRecord: 0.0ms)


Started GET "/" for 127.0.0.1 at Sun Jan 23 15:22:35 +0800 2011
  Processing by UsersController#index as HTML
Rendered users/index.html.erb within layouts/application (4.2ms)
Completed 200 OK in 13ms (Views: 12.7ms | ActiveRecord: 0.0ms)


Started GET "/" for 127.0.0.1 at Sun Jan 23 15:23:08 +0800 2011
  Processing by UsersController#index as HTML
Rendered users/index.html.erb within layouts/application (4.8ms)
Completed 200 OK in 14ms (Views: 13.6ms | ActiveRecord: 0.0ms)


Started GET "/login" for 127.0.0.1 at Sun Jan 23 15:23:12 +0800 2011
  Processing by SessionsController#new as HTML
Rendered sessions/new.html.erb within layouts/application (3.5ms)
Completed 200 OK in 14ms (Views: 13.2ms | ActiveRecord: 0.0ms)


Started POST "/session" for 127.0.0.1 at Sun Jan 23 15:23:19 +0800 2011
  Processing by SessionsController#create as HTML
  Parameters: {"commit"=>"Log in", "authenticity_token"=>"RqTsp68Iw9DQCG88b0Ckjet28KBmA7fFxNkoyQIIf08=", "utf8"=>"✓", "password"=>"[FILTERED]", "login"=>"ealin"}
  [1m[36mUser Load (0.6ms)[0m  [1mSELECT "users".* FROM "users" WHERE (login = 'ealin' and activated_at IS NOT NULL) LIMIT 1[0m
Redirected to http://localhost:3000/
Completed 302 Found in 11ms


Started GET "/" for 127.0.0.1 at Sun Jan 23 15:23:19 +0800 2011
  Processing by UsersController#index as HTML
  [1m[35mUser Load (0.3ms)[0m  SELECT "users".* FROM "users" WHERE ("users"."id" = 2) LIMIT 1
Rendered users/index.html.erb within layouts/application (14.9ms)
Completed 200 OK in 24ms (Views: 23.5ms | ActiveRecord: 0.8ms)


Started GET "/logout" for 127.0.0.1 at Sun Jan 23 15:23:22 +0800 2011
  Processing by SessionsController#destroy as HTML
Redirected to http://localhost:3000/
Completed 302 Found in 1ms


Started GET "/" for 127.0.0.1 at Sun Jan 23 15:23:22 +0800 2011
  Processing by UsersController#index as HTML
Rendered users/index.html.erb within layouts/application (94.5ms)
Completed 200 OK in 104ms (Views: 103.9ms | ActiveRecord: 0.0ms)


Started GET "/" for 127.0.0.1 at Sun Jan 23 15:26:47 +0800 2011
  Processing by UsersController#index as HTML
Rendered users/index.html.erb within layouts/application (4.5ms)
Completed 200 OK in 14ms (Views: 13.6ms | ActiveRecord: 0.0ms)


Started GET "/login" for 127.0.0.1 at Sun Jan 23 15:26:51 +0800 2011
  Processing by SessionsController#new as HTML
Rendered sessions/new.html.erb within layouts/application (3.8ms)
Completed 200 OK in 14ms (Views: 13.0ms | ActiveRecord: 0.0ms)


Started POST "/session" for 127.0.0.1 at Sun Jan 23 15:26:57 +0800 2011
  Processing by SessionsController#create as HTML
  Parameters: {"commit"=>"Log in", "authenticity_token"=>"ff4oVny+cTDVE2ekk9lZ8RiowB6oSx3pqYkG3mFKN2Y=", "utf8"=>"✓", "password"=>"[FILTERED]", "login"=>"ealin"}
  [1m[36mUser Load (0.6ms)[0m  [1mSELECT "users".* FROM "users" WHERE (login = 'ealin' and activated_at IS NOT NULL) LIMIT 1[0m
Redirected to http://localhost:3000/
Completed 302 Found in 11ms


Started GET "/" for 127.0.0.1 at Sun Jan 23 15:26:58 +0800 2011
  Processing by UsersController#index as HTML
  [1m[35mUser Load (0.2ms)[0m  SELECT "users".* FROM "users" WHERE ("users"."id" = 2) LIMIT 1
Rendered users/index.html.erb within layouts/application (14.3ms)
Completed 200 OK in 25ms (Views: 23.7ms | ActiveRecord: 0.8ms)


Started GET "/" for 127.0.0.1 at Sun Jan 23 15:30:02 +0800 2011
  Processing by UsersController#index as HTML
  [1m[36mUser Load (0.2ms)[0m  [1mSELECT "users".* FROM "users" WHERE ("users"."id" = 2) LIMIT 1[0m
Rendered users/index.html.erb within layouts/application (13.2ms)
Completed 200 OK in 23ms (Views: 22.0ms | ActiveRecord: 0.2ms)


Started GET "/logout" for 127.0.0.1 at Sun Jan 23 15:30:05 +0800 2011
  Processing by SessionsController#destroy as HTML
Redirected to http://localhost:3000/
Completed 302 Found in 1ms


Started GET "/" for 127.0.0.1 at Sun Jan 23 15:30:05 +0800 2011
  Processing by UsersController#index as HTML
Rendered users/index.html.erb within layouts/application (4.6ms)
Completed 200 OK in 14ms (Views: 13.6ms | ActiveRecord: 0.0ms)


Started GET "/login" for 127.0.0.1 at Sun Jan 23 15:30:12 +0800 2011
  Processing by SessionsController#new as HTML
Rendered sessions/new.html.erb within layouts/application (3.8ms)
Completed 200 OK in 13ms (Views: 12.5ms | ActiveRecord: 0.0ms)


Started POST "/session" for 127.0.0.1 at Sun Jan 23 15:30:16 +0800 2011
  Processing by SessionsController#create as HTML
  Parameters: {"commit"=>"Log in", "authenticity_token"=>"ox6CmI/W/8yaJploMPrZ8mq3Lk8qjbMZFsKZKY9EBFY=", "utf8"=>"✓", "password"=>"[FILTERED]", "login"=>"ealin"}
  [1m[35mUser Load (0.6ms)[0m  SELECT "users".* FROM "users" WHERE (login = 'ealin' and activated_at IS NOT NULL) LIMIT 1
Redirected to http://localhost:3000/
Completed 302 Found in 11ms


Started GET "/" for 127.0.0.1 at Sun Jan 23 15:30:16 +0800 2011
  Processing by UsersController#index as HTML
  [1m[36mUser Load (0.4ms)[0m  [1mSELECT "users".* FROM "users" WHERE ("users"."id" = 2) LIMIT 1[0m
Rendered users/index.html.erb within layouts/application (13.8ms)
Completed 200 OK in 23ms (Views: 22.5ms | ActiveRecord: 0.9ms)


Started GET "/logout" for 127.0.0.1 at Sun Jan 23 15:30:18 +0800 2011
  Processing by SessionsController#destroy as HTML
Redirected to http://localhost:3000/
Completed 302 Found in 1ms


Started GET "/" for 127.0.0.1 at Sun Jan 23 15:30:19 +0800 2011
  Processing by UsersController#index as HTML
Rendered users/index.html.erb within layouts/application (4.6ms)
Completed 200 OK in 15ms (Views: 13.9ms | ActiveRecord: 0.0ms)


Started GET "/" for 127.0.0.1 at Mon Jan 24 11:44:47 +0800 2011
  Processing by UsersController#index as HTML
Rendered users/index.html.erb within layouts/application (5.2ms)
Completed 200 OK in 15ms (Views: 14.7ms | ActiveRecord: 0.0ms)


Started GET "/login" for 127.0.0.1 at Mon Jan 24 11:44:52 +0800 2011
  Processing by SessionsController#new as HTML
Rendered sessions/new.html.erb within layouts/application (3.7ms)
Completed 200 OK in 14ms (Views: 13.6ms | ActiveRecord: 0.0ms)


Started POST "/session" for 127.0.0.1 at Mon Jan 24 11:44:59 +0800 2011
  Processing by SessionsController#create as HTML
  Parameters: {"commit"=>"Log in", "authenticity_token"=>"FvR0BArL++oT8GmfBQTzJrbxZkn1iz6Vo6rKfX7YT8E=", "utf8"=>"✓", "password"=>"[FILTERED]", "login"=>"ealin"}
  [1m[36mUser Load (24.8ms)[0m  [1mSELECT "users".* FROM "users" WHERE (login = 'ealin' and activated_at IS NOT NULL) LIMIT 1[0m
Failed login for 'ealin' from 127.0.0.1 at Mon Jan 24 03:44:59 UTC 2011
Rendered sessions/new.html.erb within layouts/application (3.5ms)
Completed 200 OK in 101ms (Views: 13.3ms | ActiveRecord: 24.8ms)


Started POST "/session" for 127.0.0.1 at Mon Jan 24 11:45:07 +0800 2011
  Processing by SessionsController#create as HTML
  Parameters: {"commit"=>"Log in", "authenticity_token"=>"FvR0BArL++oT8GmfBQTzJrbxZkn1iz6Vo6rKfX7YT8E=", "utf8"=>"✓", "password"=>"[FILTERED]", "login"=>"ealin"}
  [1m[35mUser Load (0.6ms)[0m  SELECT "users".* FROM "users" WHERE (login = 'ealin' and activated_at IS NOT NULL) LIMIT 1
Failed login for 'ealin' from 127.0.0.1 at Mon Jan 24 03:45:07 UTC 2011
Rendered sessions/new.html.erb within layouts/application (3.8ms)
Completed 200 OK in 22ms (Views: 12.4ms | ActiveRecord: 0.6ms)


Started POST "/session" for 127.0.0.1 at Mon Jan 24 11:45:14 +0800 2011
  Processing by SessionsController#create as HTML
  Parameters: {"commit"=>"Log in", "authenticity_token"=>"FvR0BArL++oT8GmfBQTzJrbxZkn1iz6Vo6rKfX7YT8E=", "utf8"=>"✓", "password"=>"[FILTERED]", "login"=>"ealin"}
  [1m[36mUser Load (0.5ms)[0m  [1mSELECT "users".* FROM "users" WHERE (login = 'ealin' and activated_at IS NOT NULL) LIMIT 1[0m
Failed login for 'ealin' from 127.0.0.1 at Mon Jan 24 03:45:15 UTC 2011
Rendered sessions/new.html.erb within layouts/application (3.5ms)
Completed 200 OK in 21ms (Views: 12.3ms | ActiveRecord: 0.5ms)


Started GET "/" for 127.0.0.1 at Mon Jan 24 11:45:21 +0800 2011
  Processing by UsersController#index as HTML
Rendered users/index.html.erb within layouts/application (4.5ms)
Completed 200 OK in 14ms (Views: 12.7ms | ActiveRecord: 0.0ms)


Started GET "/login" for 127.0.0.1 at Mon Jan 24 11:49:30 +0800 2011
  Processing by SessionsController#new as HTML
Rendered sessions/new.html.erb within layouts/application (3.6ms)
Completed 200 OK in 13ms (Views: 12.6ms | ActiveRecord: 0.0ms)


Started POST "/session" for 127.0.0.1 at Mon Jan 24 11:49:36 +0800 2011
  Processing by SessionsController#create as HTML
  Parameters: {"commit"=>"Log in", "authenticity_token"=>"FvR0BArL++oT8GmfBQTzJrbxZkn1iz6Vo6rKfX7YT8E=", "utf8"=>"✓", "password"=>"[FILTERED]", "login"=>"ealin"}
  [1m[35mUser Load (0.6ms)[0m  SELECT "users".* FROM "users" WHERE (login = 'ealin' and activated_at IS NOT NULL) LIMIT 1
Redirected to http://localhost:3000/
Completed 302 Found in 11ms


Started GET "/" for 127.0.0.1 at Mon Jan 24 11:49:36 +0800 2011
  Processing by UsersController#index as HTML
  [1m[36mSQL (0.3ms)[0m  [1m SELECT name
 FROM sqlite_master
 WHERE type = 'table' AND NOT name = 'sqlite_sequence'
[0m
  [1m[35mUser Load (0.3ms)[0m  SELECT "users".* FROM "users" WHERE ("users"."id" = 2) LIMIT 1
Rendered users/index.html.erb within layouts/application (57.1ms)
Completed 200 OK in 67ms (Views: 64.8ms | ActiveRecord: 1.2ms)


Started GET "/logout" for 127.0.0.1 at Mon Jan 24 11:49:40 +0800 2011
  Processing by SessionsController#destroy as HTML
Redirected to http://localhost:3000/
Completed 302 Found in 1ms


Started GET "/" for 127.0.0.1 at Mon Jan 24 11:49:40 +0800 2011
  Processing by UsersController#index as HTML
Rendered users/index.html.erb within layouts/application (4.8ms)
Completed 200 OK in 15ms (Views: 14.3ms | ActiveRecord: 0.0ms)


Started GET "/login" for 127.0.0.1 at Mon Jan 24 11:49:48 +0800 2011
  Processing by SessionsController#new as HTML
Rendered sessions/new.html.erb within layouts/application (3.6ms)
Completed 200 OK in 13ms (Views: 12.5ms | ActiveRecord: 0.0ms)


Started POST "/session" for 127.0.0.1 at Mon Jan 24 11:49:54 +0800 2011
  Processing by SessionsController#create as HTML
  Parameters: {"commit"=>"Log in", "authenticity_token"=>"IvTre5MkPxPExSQvmgkmz1phPCZSDIhgqeTHSurPrn0=", "utf8"=>"✓", "password"=>"[FILTERED]", "login"=>"xxx"}
  [1m[36mUser Load (0.5ms)[0m  [1mSELECT "users".* FROM "users" WHERE (login = 'xxx' and activated_at IS NOT NULL) LIMIT 1[0m
Failed login for 'xxx' from 127.0.0.1 at Mon Jan 24 03:49:54 UTC 2011
Rendered sessions/new.html.erb within layouts/application (92.8ms)
Completed 200 OK in 104ms (Views: 101.9ms | ActiveRecord: 0.5ms)


Started GET "/" for 127.0.0.1 at Mon Jan 24 11:55:13 +0800 2011
  Processing by UsersController#index as HTML
Rendered users/index.html.erb within layouts/application (4.6ms)
Completed 200 OK in 14ms (Views: 13.4ms | ActiveRecord: 0.0ms)


Started GET "/login" for 127.0.0.1 at Mon Jan 24 11:55:15 +0800 2011
  Processing by SessionsController#new as HTML
Rendered sessions/new.html.erb within layouts/application (4.6ms)
Completed 200 OK in 14ms (Views: 13.7ms | ActiveRecord: 0.0ms)


Started GET "/signup" for 127.0.0.1 at Mon Jan 24 11:55:27 +0800 2011
  Processing by UsersController#new as HTML
Rendered users/new.html.erb within layouts/application (101.3ms)
Completed 200 OK in 113ms (Views: 111.5ms | ActiveRecord: 0.0ms)


Started GET "/login" for 127.0.0.1 at Mon Jan 24 11:55:30 +0800 2011
  Processing by SessionsController#new as HTML
Rendered sessions/new.html.erb within layouts/application (4.5ms)
Completed 200 OK in 14ms (Views: 13.2ms | ActiveRecord: 0.0ms)


Started GET "/forgot" for 127.0.0.1 at Mon Jan 24 11:55:32 +0800 2011
  Processing by UsersController#forgot as HTML
DEPRECATION WARNING: <% %> style block helpers are deprecated. Please use <%= %>. (called from _app_views_users_forgot_html_erb___60102595_2174214820_0 at /Ealin/Project/GitHub/PrivateSpace/app/views/users/forgot.html.erb:4)
Rendered users/forgot.html.erb within layouts/application (4.1ms)
Completed 200 OK in 14ms (Views: 13.0ms | ActiveRecord: 0.0ms)


Started GET "/login" for 127.0.0.1 at Mon Jan 24 11:55:33 +0800 2011
  Processing by SessionsController#new as HTML
Rendered sessions/new.html.erb within layouts/application (4.4ms)
Completed 200 OK in 14ms (Views: 13.1ms | ActiveRecord: 0.0ms)


Started GET "/" for 127.0.0.1 at Mon Jan 24 11:55:34 +0800 2011
  Processing by UsersController#index as HTML
Rendered users/index.html.erb within layouts/application (4.9ms)
Completed 200 OK in 14ms (Views: 13.6ms | ActiveRecord: 0.0ms)
  [1m[36mSQL (0.5ms)[0m  [1m SELECT name
 FROM sqlite_master
 WHERE type = 'table' AND NOT name = 'sqlite_sequence'
[0m
  [1m[35mSQL (0.1ms)[0m   SELECT name
 FROM sqlite_master
 WHERE type = 'table' AND NOT name = 'sqlite_sequence'
  [1m[36mSQL (0.1ms)[0m  [1mSELECT "schema_migrations"."version" FROM "schema_migrations"[0m
Migrating to CreateUsers (20110123051903)
Migrating to AddResetCodeToUser (20110123065159)
  [1m[35mSQL (0.1ms)[0m  select sqlite_version(*)
  [1m[36mSQL (0.2ms)[0m  [1m SELECT name
 FROM sqlite_master
 WHERE type = 'table' AND NOT name = 'sqlite_sequence'
[0m
  [1m[35mSQL (0.1ms)[0m  SELECT "schema_migrations"."version" FROM "schema_migrations"
  [1m[36mSQL (0.1ms)[0m  [1m SELECT name
 FROM sqlite_master
 WHERE type = 'table' AND NOT name = 'sqlite_sequence'
[0m
  [1m[35mSQL (0.1ms)[0m  PRAGMA index_list("users")
  [1m[36mSQL (0.1ms)[0m  [1mPRAGMA index_info('index_users_on_login')[0m
  [1m[36mSQL (0.5ms)[0m  [1m SELECT name
 FROM sqlite_master
 WHERE type = 'table' AND NOT name = 'sqlite_sequence'
[0m
  [1m[35mSQL (0.1ms)[0m   SELECT name
 FROM sqlite_master
 WHERE type = 'table' AND NOT name = 'sqlite_sequence'
  [1m[36mSQL (0.1ms)[0m  [1mSELECT "schema_migrations"."version" FROM "schema_migrations"[0m
  [1m[35mSQL (0.1ms)[0m  select sqlite_version(*)
  [1m[36mSQL (0.2ms)[0m  [1m SELECT name
 FROM sqlite_master
 WHERE type = 'table' AND NOT name = 'sqlite_sequence'
[0m
  [1m[35mSQL (3.5ms)[0m  CREATE TABLE "users" ("id" INTEGER PRIMARY KEY AUTOINCREMENT NOT NULL, "login" varchar(40), "name" varchar(100) DEFAULT '', "email" varchar(100), "crypted_password" varchar(40), "salt" varchar(40), "created_at" datetime, "updated_at" datetime, "remember_token" varchar(40), "remember_token_expires_at" datetime, "activation_code" varchar(40), "activated_at" datetime, "reset_code" varchar(255)) 
  [1m[36mSQL (0.1ms)[0m  [1mPRAGMA index_list("users")[0m
  [1m[35mSQL (2.4ms)[0m  CREATE UNIQUE INDEX "index_users_on_login" ON "users" ("login")
  [1m[36mSQL (0.2ms)[0m  [1m SELECT name
 FROM sqlite_master
 WHERE type = 'table' AND NOT name = 'sqlite_sequence'
[0m
  [1m[35mSQL (5.1ms)[0m  CREATE TABLE "schema_migrations" ("version" varchar(255) NOT NULL) 
  [1m[36mSQL (0.1ms)[0m  [1mPRAGMA index_list("schema_migrations")[0m
  [1m[35mSQL (3.2ms)[0m  CREATE UNIQUE INDEX "unique_schema_migrations" ON "schema_migrations" ("version")
  [1m[36mSQL (0.2ms)[0m  [1m SELECT name
 FROM sqlite_master
 WHERE type = 'table' AND NOT name = 'sqlite_sequence'
[0m
  [1m[35mSQL (0.1ms)[0m  SELECT version FROM "schema_migrations"
  [1m[36mSQL (2.8ms)[0m  [1mINSERT INTO "schema_migrations" (version) VALUES ('20110123065159')[0m
  [1m[35mSQL (2.6ms)[0m  INSERT INTO "schema_migrations" (version) VALUES ('20110123051903')


Started GET "/" for 127.0.0.1 at Mon Jan 24 14:49:02 +0800 2011
  Processing by UsersController#index as HTML
Rendered users/index.html.erb within layouts/application (5.1ms)
Completed 200 OK in 15ms (Views: 14.7ms | ActiveRecord: 0.0ms)


Started GET "/" for 127.0.0.1 at Mon Jan 24 14:49:33 +0800 2011
  Processing by UsersController#index as HTML
Rendered users/index.html.erb within layouts/application (5.1ms)
Completed 200 OK in 15ms (Views: 14.6ms | ActiveRecord: 0.0ms)


Started GET "/activity.atom" for 127.0.0.1 at Wed Jan 26 00:42:33 +0800 2011

ActionController::RoutingError (No route matches "/activity.atom"):
  

Rendered /Users/apple/.gem/ruby/1.8/gems/actionpack-3.0.3/lib/action_dispatch/middleware/templates/rescues/routing_error.erb within rescues/layout (1.0ms)


Started GET "/" for 127.0.0.1 at Wed Jan 26 00:49:07 +0800 2011
  Processing by UsersController#index as HTML
* Accept-Language: zh-tw
* Locale set to 'zh'
Rendered users/index.html.erb within layouts/application (5.4ms)
Completed 200 OK in 18ms (Views: 16.6ms | ActiveRecord: 0.0ms)


Started GET "/" for 127.0.0.1 at Wed Jan 26 01:06:03 +0800 2011
  Processing by UsersController#index as HTML
* Accept-Language: zh-tw
* Locale set to 'zh'
Rendered users/index.html.erb within layouts/application (108.0ms)
Completed   in 118ms

ActionView::Template::Error (undefined method `deep_symbolize_keys' for #<String:0x1036c6700>):
    13: <h1> My Private Spaces </h1>
    14: ->
    15: 
    16: <h1> <%=t :MyPrivateSpace %></h1>
    17: 
    18: <div class="user">  
    19:   <%= link_to "Signup", :signup unless logged_in? %>  
  app/views/users/index.html.erb:16:in `_app_views_users_index_html_erb__1919393160_2176695360_0'

Rendered /Users/apple/.gem/ruby/1.8/gems/actionpack-3.0.3/lib/action_dispatch/middleware/templates/rescues/_trace.erb (1.4ms)
Rendered /Users/apple/.gem/ruby/1.8/gems/actionpack-3.0.3/lib/action_dispatch/middleware/templates/rescues/_request_and_response.erb (5.5ms)
Rendered /Users/apple/.gem/ruby/1.8/gems/actionpack-3.0.3/lib/action_dispatch/middleware/templates/rescues/template_error.erb within rescues/layout (14.9ms)


Started GET "/" for 127.0.0.1 at Wed Jan 26 01:10:45 +0800 2011
  Processing by UsersController#index as HTML
* Accept-Language: zh-tw
* Locale set to 'zh'
Rendered users/index.html.erb within layouts/application (14.5ms)
Completed   in 25ms

ActionView::Template::Error (undefined method `deep_symbolize_keys' for "hello:\t\t\tHello world MyPrivateSpace:\tMy Private Space":String):
    13: <h1> My Private Spaces </h1>
    14: ->
    15: 
    16: <h1> <%=t :MyPrivateSpace %></h1>
    17: 
    18: <div class="user">  
    19:   <%= link_to "Signup", :signup unless logged_in? %>  
  app/views/users/index.html.erb:16:in `_app_views_users_index_html_erb__1919393160_2176695360_0'

Rendered /Users/apple/.gem/ruby/1.8/gems/actionpack-3.0.3/lib/action_dispatch/middleware/templates/rescues/_trace.erb (1.3ms)
Rendered /Users/apple/.gem/ruby/1.8/gems/actionpack-3.0.3/lib/action_dispatch/middleware/templates/rescues/_request_and_response.erb (6.3ms)
Rendered /Users/apple/.gem/ruby/1.8/gems/actionpack-3.0.3/lib/action_dispatch/middleware/templates/rescues/template_error.erb within rescues/layout (14.3ms)


Started GET "/" for 127.0.0.1 at Wed Jan 26 01:12:03 +0800 2011
  Processing by UsersController#index as HTML
* Accept-Language: zh-tw
* Locale set to 'zh'
Rendered users/index.html.erb within layouts/application (14.9ms)
Completed   in 25ms

ActionView::Template::Error (undefined method `deep_symbolize_keys' for #<String:0x1036c6700>):
    13: <h1> My Private Spaces </h1>
    14: ->
    15: 
    16: <h1> <%=t :MyPrivateSpace %></h1>
    17: 
    18: <div class="user">  
    19:   <%= link_to "Signup", :signup unless logged_in? %>  
  app/views/users/index.html.erb:16:in `_app_views_users_index_html_erb__1919393160_2176695360_0'

Rendered /Users/apple/.gem/ruby/1.8/gems/actionpack-3.0.3/lib/action_dispatch/middleware/templates/rescues/_trace.erb (1.3ms)
Rendered /Users/apple/.gem/ruby/1.8/gems/actionpack-3.0.3/lib/action_dispatch/middleware/templates/rescues/_request_and_response.erb (6.4ms)
Rendered /Users/apple/.gem/ruby/1.8/gems/actionpack-3.0.3/lib/action_dispatch/middleware/templates/rescues/template_error.erb within rescues/layout (14.2ms)


Started GET "/activity.atom" for 127.0.0.1 at Wed Jan 26 01:12:35 +0800 2011

ActionController::RoutingError (No route matches "/activity.atom"):
  

Rendered /Users/apple/.gem/ruby/1.8/gems/actionpack-3.0.3/lib/action_dispatch/middleware/templates/rescues/routing_error.erb within rescues/layout (0.9ms)


Started GET "/" for 127.0.0.1 at Wed Jan 26 01:13:25 +0800 2011
  Processing by UsersController#index as HTML
* Accept-Language: zh-tw
* Locale set to 'zh'
Rendered users/index.html.erb within layouts/application (5.3ms)
Completed   in 15ms

ActionView::Template::Error (undefined method `deep_symbolize_keys' for #<String:0x10302dc90>):
    13: <h1> My Private Spaces </h1>
    14: ->
    15: 
    16: <h1> <%=t :hello %></h1>
    17: 
    18: <div class="user">  
    19:   <%= link_to "Signup", :signup unless logged_in? %>  
  app/views/users/index.html.erb:16:in `_app_views_users_index_html_erb__1919393160_2172831880_0'

Rendered /Users/apple/.gem/ruby/1.8/gems/actionpack-3.0.3/lib/action_dispatch/middleware/templates/rescues/_trace.erb (1.3ms)
Rendered /Users/apple/.gem/ruby/1.8/gems/actionpack-3.0.3/lib/action_dispatch/middleware/templates/rescues/_request_and_response.erb (5.5ms)
Rendered /Users/apple/.gem/ruby/1.8/gems/actionpack-3.0.3/lib/action_dispatch/middleware/templates/rescues/template_error.erb within rescues/layout (12.6ms)


Started GET "/" for 127.0.0.1 at Wed Jan 26 01:14:13 +0800 2011
  Processing by UsersController#index as HTML
* Accept-Language: zh-tw
* Locale set to 'zh'
Rendered users/index.html.erb within layouts/application (14.7ms)
Completed   in 25ms

ActionView::Template::Error (undefined method `deep_symbolize_keys' for #<String:0x1036c6700>):
    13: <h1> My Private Spaces </h1>
    14: ->
    15: 
    16: <h1> <%=t :hello %></h1>
    17: 
    18: <div class="user">  
    19:   <%= link_to "Signup", :signup unless logged_in? %>  
  app/views/users/index.html.erb:16:in `_app_views_users_index_html_erb__1919393160_2176695360_0'

Rendered /Users/apple/.gem/ruby/1.8/gems/actionpack-3.0.3/lib/action_dispatch/middleware/templates/rescues/_trace.erb (1.3ms)
Rendered /Users/apple/.gem/ruby/1.8/gems/actionpack-3.0.3/lib/action_dispatch/middleware/templates/rescues/_request_and_response.erb (6.4ms)
Rendered /Users/apple/.gem/ruby/1.8/gems/actionpack-3.0.3/lib/action_dispatch/middleware/templates/rescues/template_error.erb within rescues/layout (14.2ms)


Started GET "/" for 127.0.0.1 at Wed Jan 26 01:15:42 +0800 2011
  Processing by UsersController#index as HTML
* Accept-Language: zh-tw
* Locale set to 'zh'
Rendered users/index.html.erb within layouts/application (14.7ms)
Completed   in 25ms

ActionView::Template::Error (undefined method `deep_symbolize_keys' for #<String:0x1036c6700>):
    13: <h1> My Private Spaces </h1>
    14: ->
    15: 
    16: <h1> <%=t :hello %></h1>
    17: 
    18: <div class="user">  
    19:   <%= link_to "Signup", :signup unless logged_in? %>  
  app/views/users/index.html.erb:16:in `_app_views_users_index_html_erb__1919393160_2176695360_0'

Rendered /Users/apple/.gem/ruby/1.8/gems/actionpack-3.0.3/lib/action_dispatch/middleware/templates/rescues/_trace.erb (1.2ms)
Rendered /Users/apple/.gem/ruby/1.8/gems/actionpack-3.0.3/lib/action_dispatch/middleware/templates/rescues/_request_and_response.erb (5.3ms)
Rendered /Users/apple/.gem/ruby/1.8/gems/actionpack-3.0.3/lib/action_dispatch/middleware/templates/rescues/template_error.erb within rescues/layout (13.7ms)


Started GET "/" for 127.0.0.1 at Wed Jan 26 01:20:31 +0800 2011
  Processing by UsersController#index as HTML
* Accept-Language: zh-tw
* Locale set to 'zh'
Rendered users/index.html.erb within layouts/application (16.6ms)
Completed 200 OK in 28ms (Views: 26.9ms | ActiveRecord: 0.0ms)


Started GET "/" for 127.0.0.1 at Wed Jan 26 01:21:26 +0800 2011
  Processing by UsersController#index as HTML
* Accept-Language: zh-tw
* Locale set to 'zh'
Rendered users/index.html.erb within layouts/application (5.1ms)
Completed 200 OK in 15ms (Views: 14.3ms | ActiveRecord: 0.0ms)


Started GET "/" for 127.0.0.1 at Wed Jan 26 01:21:30 +0800 2011
  Processing by UsersController#index as HTML
* Accept-Language: zh-tw
* Locale set to 'zh'
Rendered users/index.html.erb within layouts/application (4.7ms)
Completed 200 OK in 14ms (Views: 13.5ms | ActiveRecord: 0.0ms)


Started GET "/signup" for 127.0.0.1 at Wed Jan 26 01:21:53 +0800 2011
  Processing by UsersController#new as HTML
* Accept-Language: zh-tw
* Locale set to 'zh'
Rendered users/new.html.erb within layouts/application (16.3ms)
Completed 200 OK in 58ms (Views: 55.8ms | ActiveRecord: 0.0ms)


Started GET "/index" for 127.0.0.1 at Wed Jan 26 01:21:59 +0800 2011

ActionController::RoutingError (No route matches "/index"):
  

Rendered /Users/apple/.gem/ruby/1.8/gems/actionpack-3.0.3/lib/action_dispatch/middleware/templates/rescues/routing_error.erb within rescues/layout (1.0ms)


Started GET "/" for 127.0.0.1 at Wed Jan 26 01:24:27 +0800 2011
  Processing by UsersController#index as HTML
* Accept-Language: zh-tw
* Locale set to 'zh'
Rendered users/index.html.erb within layouts/application (5.0ms)
Completed 200 OK in 15ms (Views: 14.0ms | ActiveRecord: 0.0ms)


Started GET "/" for 127.0.0.1 at Wed Jan 26 01:25:18 +0800 2011
  Processing by UsersController#index as HTML
* Accept-Language: zh-tw
* Locale set to 'zh'
Rendered users/index.html.erb within layouts/application (4.8ms)
Completed 200 OK in 15ms (Views: 14.2ms | ActiveRecord: 0.0ms)


Started GET "/" for 127.0.0.1 at Wed Jan 26 01:26:04 +0800 2011
  Processing by UsersController#index as HTML
* Accept-Language: zh-tw
* Locale set to 'zh'
Rendered users/index.html.erb within layouts/application (16.2ms)
Completed 200 OK in 27ms (Views: 26.2ms | ActiveRecord: 0.0ms)


Started GET "/" for 127.0.0.1 at Wed Jan 26 01:27:20 +0800 2011
  Processing by UsersController#index as HTML
* Accept-Language: zh-tw
* Locale set to 'zh'
Rendered users/index.html.erb within layouts/application (4.8ms)
Completed 200 OK in 15ms (Views: 13.8ms | ActiveRecord: 0.0ms)


Started GET "/" for 127.0.0.1 at Wed Jan 26 01:27:31 +0800 2011
  Processing by UsersController#index as HTML
* Accept-Language: zh-tw
* Locale set to 'zh'
Rendered users/index.html.erb within layouts/application (4.7ms)
Completed 200 OK in 15ms (Views: 13.8ms | ActiveRecord: 0.0ms)


Started GET "/" for 127.0.0.1 at Wed Jan 26 01:30:11 +0800 2011
  Processing by UsersController#index as HTML
* Accept-Language: zh-tw
* Locale set to 'zh'
Rendered users/index.html.erb within layouts/application (6.4ms)
Completed   in 16ms

ActionView::Template::Error (translation missing: zh.time.formats.short):
    26: 
    27: <body style="background: #EEEEEE;">
    28: 
    29: <p><%= l Time.now, :format => :short %></p>
    30: 
    31: <%= yield %>
    32: 
  app/views/users/index.html.erb:29:in `_app_views_users_index_html_erb__1919393160_2173398000_0'

Rendered /Users/apple/.gem/ruby/1.8/gems/actionpack-3.0.3/lib/action_dispatch/middleware/templates/rescues/_trace.erb (1.4ms)
Rendered /Users/apple/.gem/ruby/1.8/gems/actionpack-3.0.3/lib/action_dispatch/middleware/templates/rescues/_request_and_response.erb (5.9ms)
Rendered /Users/apple/.gem/ruby/1.8/gems/actionpack-3.0.3/lib/action_dispatch/middleware/templates/rescues/template_error.erb within rescues/layout (14.3ms)


Started GET "/" for 127.0.0.1 at Wed Jan 26 01:38:18 +0800 2011

SyntaxError (/Ealin/Project/GitHub/PrivateSpace/app/controllers/application_controller.rb:18: unterminated string meets end of file
/Ealin/Project/GitHub/PrivateSpace/app/controllers/application_controller.rb:18: syntax error, unexpected $end, expecting kEND):
  app/controllers/users_controller.rb:1

Rendered /Users/apple/.gem/ruby/1.8/gems/actionpack-3.0.3/lib/action_dispatch/middleware/templates/rescues/_trace.erb (1.7ms)
Rendered /Users/apple/.gem/ruby/1.8/gems/actionpack-3.0.3/lib/action_dispatch/middleware/templates/rescues/_request_and_response.erb (3.4ms)
Rendered /Users/apple/.gem/ruby/1.8/gems/actionpack-3.0.3/lib/action_dispatch/middleware/templates/rescues/diagnostics.erb within rescues/layout (12.5ms)


Started GET "/" for 127.0.0.1 at Wed Jan 26 01:39:15 +0800 2011

SyntaxError (/Ealin/Project/GitHub/PrivateSpace/app/controllers/application_controller.rb:36: syntax error, unexpected $end, expecting kEND):
  app/controllers/users_controller.rb:1

Rendered /Users/apple/.gem/ruby/1.8/gems/actionpack-3.0.3/lib/action_dispatch/middleware/templates/rescues/_trace.erb (1.2ms)
Rendered /Users/apple/.gem/ruby/1.8/gems/actionpack-3.0.3/lib/action_dispatch/middleware/templates/rescues/_request_and_response.erb (2.3ms)
Rendered /Users/apple/.gem/ruby/1.8/gems/actionpack-3.0.3/lib/action_dispatch/middleware/templates/rescues/diagnostics.erb within rescues/layout (8.7ms)


Started GET "/" for 127.0.0.1 at Wed Jan 26 01:40:13 +0800 2011
  Processing by UsersController#index as HTML
* Accept-Language: zh-tw
Completed   in 2ms

NameError (undefined local variable or method `tw' for #<UsersController:0x10320fe50>):
  app/controllers/application_controller.rb:15:in `set_locale'

Rendered /Users/apple/.gem/ruby/1.8/gems/actionpack-3.0.3/lib/action_dispatch/middleware/templates/rescues/_trace.erb (1.2ms)
Rendered /Users/apple/.gem/ruby/1.8/gems/actionpack-3.0.3/lib/action_dispatch/middleware/templates/rescues/_request_and_response.erb (5.5ms)
Rendered /Users/apple/.gem/ruby/1.8/gems/actionpack-3.0.3/lib/action_dispatch/middleware/templates/rescues/diagnostics.erb within rescues/layout (12.6ms)


Started GET "/" for 127.0.0.1 at Wed Jan 26 01:40:45 +0800 2011
  Processing by UsersController#index as HTML
* Accept-Language: zh-tw
* Locale set to 'zh-tw'
Rendered users/index.html.erb within layouts/application (17.2ms)
Completed   in 113ms

ActionView::Template::Error (translation missing: zh-tw.time.formats.short):
    26: 
    27: <body style="background: #EEEEEE;">
    28: 
    29: <p><%= l Time.now, :format => :short %></p>
    30: 
    31: <%= yield %>
    32: 
  app/views/users/index.html.erb:29:in `_app_views_users_index_html_erb__1919393160_2172419400_0'

Rendered /Users/apple/.gem/ruby/1.8/gems/actionpack-3.0.3/lib/action_dispatch/middleware/templates/rescues/_trace.erb (1.3ms)
Rendered /Users/apple/.gem/ruby/1.8/gems/actionpack-3.0.3/lib/action_dispatch/middleware/templates/rescues/_request_and_response.erb (5.4ms)
Rendered /Users/apple/.gem/ruby/1.8/gems/actionpack-3.0.3/lib/action_dispatch/middleware/templates/rescues/template_error.erb within rescues/layout (12.5ms)


Started GET "/" for 127.0.0.1 at Wed Jan 26 01:41:12 +0800 2011
  Processing by UsersController#index as HTML
* Accept-Language: zh-tw
* Locale set to 'zh-tw'
Rendered users/index.html.erb within layouts/application (5.0ms)
Completed 200 OK in 15ms (Views: 14.2ms | ActiveRecord: 0.0ms)


Started GET "/activity.atom" for 127.0.0.1 at Wed Jan 26 01:42:36 +0800 2011

ActionController::RoutingError (No route matches "/activity.atom"):
  

Rendered /Users/apple/.gem/ruby/1.8/gems/actionpack-3.0.3/lib/action_dispatch/middleware/templates/rescues/routing_error.erb within rescues/layout (0.9ms)


Started GET "/" for 127.0.0.1 at Wed Jan 26 01:44:00 +0800 2011
  Processing by UsersController#index as HTML
* Accept-Language: zh-tw
* Locale set to 'zh_tw'
Rendered users/index.html.erb within layouts/application (4.7ms)
Completed 200 OK in 15ms (Views: 13.9ms | ActiveRecord: 0.0ms)


Started GET "/" for 127.0.0.1 at Wed Jan 26 01:49:04 +0800 2011
  Processing by UsersController#index as HTML
* Accept-Language: zh-tw
Completed   in 1ms

NoMethodError (undefined method `length' for :zh_tw:Symbol):
  app/controllers/application_controller.rb:19:in `set_locale'

Rendered /Users/apple/.gem/ruby/1.8/gems/actionpack-3.0.3/lib/action_dispatch/middleware/templates/rescues/_trace.erb (1.2ms)
Rendered /Users/apple/.gem/ruby/1.8/gems/actionpack-3.0.3/lib/action_dispatch/middleware/templates/rescues/_request_and_response.erb (5.3ms)
Rendered /Users/apple/.gem/ruby/1.8/gems/actionpack-3.0.3/lib/action_dispatch/middleware/templates/rescues/diagnostics.erb within rescues/layout (12.4ms)


Started GET "/" for 127.0.0.1 at Wed Jan 26 01:51:26 +0800 2011
  Processing by UsersController#index as HTML
* Accept-Language: zh-tw
Completed   in 1ms

NoMethodError (undefined method `length' for :zh_tw:Symbol):
  app/controllers/application_controller.rb:19:in `set_locale'

Rendered /Users/apple/.gem/ruby/1.8/gems/actionpack-3.0.3/lib/action_dispatch/middleware/templates/rescues/_trace.erb (1.2ms)
Rendered /Users/apple/.gem/ruby/1.8/gems/actionpack-3.0.3/lib/action_dispatch/middleware/templates/rescues/_request_and_response.erb (5.5ms)
Rendered /Users/apple/.gem/ruby/1.8/gems/actionpack-3.0.3/lib/action_dispatch/middleware/templates/rescues/diagnostics.erb within rescues/layout (12.2ms)


Started GET "/" for 127.0.0.1 at Wed Jan 26 01:52:15 +0800 2011
  Processing by UsersController#index as HTML
* Accept-Language: zh-tw
Completed   in 1ms

NoMethodError (undefined method `length' for :"zh-tw":Symbol):
  app/controllers/application_controller.rb:19:in `set_locale'

Rendered /Users/apple/.gem/ruby/1.8/gems/actionpack-3.0.3/lib/action_dispatch/middleware/templates/rescues/_trace.erb (1.2ms)
Rendered /Users/apple/.gem/ruby/1.8/gems/actionpack-3.0.3/lib/action_dispatch/middleware/templates/rescues/_request_and_response.erb (5.5ms)
Rendered /Users/apple/.gem/ruby/1.8/gems/actionpack-3.0.3/lib/action_dispatch/middleware/templates/rescues/diagnostics.erb within rescues/layout (12.4ms)


Started GET "/" for 127.0.0.1 at Wed Jan 26 01:52:47 +0800 2011
  Processing by UsersController#index as HTML
* Accept-Language: zh-tw
Completed   in 2ms

NameError (undefined local variable or method `tw' for #<UsersController:0x102f4f648>):
  app/controllers/application_controller.rb:15:in `set_locale'

Rendered /Users/apple/.gem/ruby/1.8/gems/actionpack-3.0.3/lib/action_dispatch/middleware/templates/rescues/_trace.erb (1.2ms)
Rendered /Users/apple/.gem/ruby/1.8/gems/actionpack-3.0.3/lib/action_dispatch/middleware/templates/rescues/_request_and_response.erb (5.8ms)
Rendered /Users/apple/.gem/ruby/1.8/gems/actionpack-3.0.3/lib/action_dispatch/middleware/templates/rescues/diagnostics.erb within rescues/layout (12.4ms)


Started GET "/activity.atom" for 127.0.0.1 at Wed Jan 26 02:12:37 +0800 2011

ActionController::RoutingError (No route matches "/activity.atom"):
  

Rendered /Users/apple/.gem/ruby/1.8/gems/actionpack-3.0.3/lib/action_dispatch/middleware/templates/rescues/routing_error.erb within rescues/layout (0.9ms)


Started GET "/" for 127.0.0.1 at Wed Jan 26 02:14:49 +0800 2011
  Processing by UsersController#index as HTML
* Accept-Language: zh-tw
Completed   in 1ms

NameError (undefined local variable or method `tw' for #<UsersController:0x103240960>):
  app/controllers/application_controller.rb:15:in `set_locale'

Rendered /Users/apple/.gem/ruby/1.8/gems/actionpack-3.0.3/lib/action_dispatch/middleware/templates/rescues/_trace.erb (1.2ms)
Rendered /Users/apple/.gem/ruby/1.8/gems/actionpack-3.0.3/lib/action_dispatch/middleware/templates/rescues/_request_and_response.erb (5.3ms)
Rendered /Users/apple/.gem/ruby/1.8/gems/actionpack-3.0.3/lib/action_dispatch/middleware/templates/rescues/diagnostics.erb within rescues/layout (11.8ms)


Started GET "/" for 127.0.0.1 at Wed Jan 26 02:14:56 +0800 2011
  Processing by UsersController#index as HTML
* Accept-Language: zh-tw
Completed   in 1ms

NameError (undefined local variable or method `tw' for #<UsersController:0x102fa9dc8>):
  app/controllers/application_controller.rb:15:in `set_locale'

Rendered /Users/apple/.gem/ruby/1.8/gems/actionpack-3.0.3/lib/action_dispatch/middleware/templates/rescues/_trace.erb (86.3ms)
Rendered /Users/apple/.gem/ruby/1.8/gems/actionpack-3.0.3/lib/action_dispatch/middleware/templates/rescues/_request_and_response.erb (5.6ms)
Rendered /Users/apple/.gem/ruby/1.8/gems/actionpack-3.0.3/lib/action_dispatch/middleware/templates/rescues/diagnostics.erb within rescues/layout (97.4ms)


Started GET "/" for 127.0.0.1 at Wed Jan 26 02:15:07 +0800 2011
  Processing by UsersController#index as HTML
* Accept-Language: zh-tw
Completed   in 1ms

NameError (undefined local variable or method `tw' for #<UsersController:0x103457cf8>):
  app/controllers/application_controller.rb:15:in `set_locale'

Rendered /Users/apple/.gem/ruby/1.8/gems/actionpack-3.0.3/lib/action_dispatch/middleware/templates/rescues/_trace.erb (1.4ms)
Rendered /Users/apple/.gem/ruby/1.8/gems/actionpack-3.0.3/lib/action_dispatch/middleware/templates/rescues/_request_and_response.erb (5.3ms)
Rendered /Users/apple/.gem/ruby/1.8/gems/actionpack-3.0.3/lib/action_dispatch/middleware/templates/rescues/diagnostics.erb within rescues/layout (12.3ms)


Started GET "/" for 127.0.0.1 at Wed Jan 26 02:15:08 +0800 2011
  Processing by UsersController#index as HTML
* Accept-Language: zh-tw
Completed   in 1ms

NameError (undefined local variable or method `tw' for #<UsersController:0x1030cfdd8>):
  app/controllers/application_controller.rb:15:in `set_locale'

Rendered /Users/apple/.gem/ruby/1.8/gems/actionpack-3.0.3/lib/action_dispatch/middleware/templates/rescues/_trace.erb (1.2ms)
Rendered /Users/apple/.gem/ruby/1.8/gems/actionpack-3.0.3/lib/action_dispatch/middleware/templates/rescues/_request_and_response.erb (5.5ms)
Rendered /Users/apple/.gem/ruby/1.8/gems/actionpack-3.0.3/lib/action_dispatch/middleware/templates/rescues/diagnostics.erb within rescues/layout (12.1ms)


Started GET "/" for 127.0.0.1 at Wed Jan 26 02:15:20 +0800 2011
  Processing by UsersController#index as HTML
* Accept-Language: zh-tw
Completed   in 2ms

NameError (undefined local variable or method `tw' for #<UsersController:0x102f4f120>):
  app/controllers/application_controller.rb:15:in `set_locale'

Rendered /Users/apple/.gem/ruby/1.8/gems/actionpack-3.0.3/lib/action_dispatch/middleware/templates/rescues/_trace.erb (1.3ms)
Rendered /Users/apple/.gem/ruby/1.8/gems/actionpack-3.0.3/lib/action_dispatch/middleware/templates/rescues/_request_and_response.erb (5.4ms)
Rendered /Users/apple/.gem/ruby/1.8/gems/actionpack-3.0.3/lib/action_dispatch/middleware/templates/rescues/diagnostics.erb within rescues/layout (13.5ms)


Started GET "/" for 127.0.0.1 at Wed Jan 26 02:16:00 +0800 2011
  Processing by UsersController#index as HTML
* Accept-Language: zh-tw
* Locale set to 'zh_tw'
Rendered users/index.html.erb within layouts/application (15.8ms)
Completed 200 OK in 27ms (Views: 25.8ms | ActiveRecord: 0.0ms)


Started GET "/" for 127.0.0.1 at Wed Jan 26 02:17:04 +0800 2011
  Processing by UsersController#index as HTML
* Accept-Language: zh-tw
* Locale set to 'zh_tw'
Rendered users/index.html.erb within layouts/application (15.4ms)
Completed 200 OK in 26ms (Views: 25.1ms | ActiveRecord: 0.0ms)


Started GET "/" for 127.0.0.1 at Wed Jan 26 02:17:17 +0800 2011
  Processing by UsersController#index as HTML
* Accept-Language: zh-tw
* Locale set to 'zh_tw'
Rendered users/index.html.erb within layouts/application (5.3ms)
Completed 200 OK in 15ms (Views: 14.0ms | ActiveRecord: 0.0ms)


Started GET "/activity.atom" for 127.0.0.1 at Wed Jan 26 14:05:59 +0800 2011

ActionController::RoutingError (No route matches "/activity.atom"):
  

Rendered /Users/apple/.gem/ruby/1.8/gems/actionpack-3.0.3/lib/action_dispatch/middleware/templates/rescues/routing_error.erb within rescues/layout (1.0ms)


Started GET "/" for 127.0.0.1 at Wed Jan 26 14:06:00 +0800 2011
  Processing by UsersController#index as HTML
* Accept-Language: zh-tw
* Locale set to 'zh_tw'
Rendered users/index.html.erb within layouts/application (86.0ms)
Completed 200 OK in 119ms (Views: 117.4ms | ActiveRecord: 0.0ms)


Started GET "/" for 127.0.0.1 at Wed Jan 26 14:08:14 +0800 2011
  Processing by UsersController#index as HTML
* Accept-Language: zh-tw
* Locale set to 'zh_tw'
Rendered users/index.html.erb within layouts/application (6.2ms)
Completed 200 OK in 16ms (Views: 15.3ms | ActiveRecord: 0.0ms)


Started GET "/" for 127.0.0.1 at Wed Jan 26 14:08:59 +0800 2011
  Processing by UsersController#index as HTML
* Accept-Language: zh-tw
* Locale set to 'zh_tw'
Rendered users/index.html.erb within layouts/application (15.7ms)
Completed 200 OK in 26ms (Views: 25.6ms | ActiveRecord: 0.0ms)


Started GET "/" for 127.0.0.1 at Wed Jan 26 14:11:07 +0800 2011
  Processing by UsersController#index as HTML
* Accept-Language: zh-tw
* Locale set to 'zh_tw'
Rendered users/index.html.erb within layouts/application (15.2ms)
Completed 200 OK in 26ms (Views: 24.9ms | ActiveRecord: 0.0ms)


Started GET "/" for 127.0.0.1 at Wed Jan 26 14:13:41 +0800 2011
  Processing by UsersController#index as HTML
* Accept-Language: zh-tw
* Locale set to 'zh_tw'
Rendered users/index.html.erb within layouts/application (41.2ms)
Completed   in 52ms

ActionView::Template::Error (undefined method `merge!' for :signup:Symbol):
    18: 
    19: 
    20: <div class="user">  
    21:   <%= link_to t :signup, :signup unless logged_in? %>  
    22: </div>  
    23: 
    24: <div class="user">  
  app/views/users/index.html.erb:21:in `_app_views_users_index_html_erb__1919393160_2176684340_0'

Rendered /Users/apple/.gem/ruby/1.8/gems/actionpack-3.0.3/lib/action_dispatch/middleware/templates/rescues/_trace.erb (1.7ms)
Rendered /Users/apple/.gem/ruby/1.8/gems/actionpack-3.0.3/lib/action_dispatch/middleware/templates/rescues/_request_and_response.erb (5.6ms)
Rendered /Users/apple/.gem/ruby/1.8/gems/actionpack-3.0.3/lib/action_dispatch/middleware/templates/rescues/template_error.erb within rescues/layout (16.8ms)


Started GET "/" for 127.0.0.1 at Wed Jan 26 14:15:00 +0800 2011
  Processing by UsersController#index as HTML
* Accept-Language: zh-tw
* Locale set to 'zh_tw'
Rendered users/index.html.erb within layouts/application (5.1ms)
Completed 200 OK in 15ms (Views: 14.6ms | ActiveRecord: 0.0ms)


Started GET "/" for 127.0.0.1 at Wed Jan 26 14:15:36 +0800 2011
  Processing by UsersController#index as HTML
* Accept-Language: zh-tw
* Locale set to 'zh_tw'
Rendered users/index.html.erb within layouts/application (16.1ms)
Completed 200 OK in 27ms (Views: 25.8ms | ActiveRecord: 0.0ms)


Started GET "/" for 127.0.0.1 at Wed Jan 26 14:16:30 +0800 2011
  Processing by UsersController#index as HTML
* Accept-Language: zh-tw
* Locale set to 'zh_tw'
Rendered users/index.html.erb within layouts/application (16.1ms)
Completed 200 OK in 27ms (Views: 25.9ms | ActiveRecord: 0.0ms)


Started GET "/" for 127.0.0.1 at Wed Jan 26 14:16:56 +0800 2011
  Processing by UsersController#index as HTML
* Accept-Language: zh-tw
* Locale set to 'zh_tw'
Rendered users/index.html.erb within layouts/application (5.3ms)
Completed 200 OK in 15ms (Views: 14.6ms | ActiveRecord: 0.0ms)


Started GET "/" for 127.0.0.1 at Wed Jan 26 14:29:59 +0800 2011
  Processing by UsersController#index as HTML
* Accept-Language: zh-tw
* Locale set to 'zh_tw'
Rendered users/index.html.erb within layouts/application (4.9ms)
Completed 200 OK in 15ms (Views: 14.2ms | ActiveRecord: 0.0ms)


Started GET "/activity.atom" for 127.0.0.1 at Wed Jan 26 14:36:00 +0800 2011

ActionController::RoutingError (No route matches "/activity.atom"):
  

Rendered /Users/apple/.gem/ruby/1.8/gems/actionpack-3.0.3/lib/action_dispatch/middleware/templates/rescues/routing_error.erb within rescues/layout (0.9ms)


Started GET "/" for 127.0.0.1 at Wed Jan 26 14:59:00 +0800 2011
  Processing by UsersController#index as HTML
* Accept-Language: zh-tw
* Locale set to 'zh_tw'
Rendered users/index.html.erb within layouts/application (20.3ms)
Completed 200 OK in 31ms (Views: 30.2ms | ActiveRecord: 0.0ms)


Started GET "/" for 127.0.0.1 at Wed Jan 26 14:59:32 +0800 2011
  Processing by UsersController#index as HTML
* Accept-Language: zh-tw
* Locale set to 'zh_tw'
Rendered users/index.html.erb within layouts/application (6.2ms)
Completed 200 OK in 16ms (Views: 15.6ms | ActiveRecord: 0.0ms)


Started GET "/" for 127.0.0.1 at Wed Jan 26 14:59:43 +0800 2011
  Processing by UsersController#index as HTML
* Accept-Language: zh-tw
* Locale set to 'zh_tw'
Rendered users/index.html.erb within layouts/application (5.2ms)
Completed 200 OK in 16ms (Views: 14.9ms | ActiveRecord: 0.0ms)
  [1m[36mSQL (0.5ms)[0m  [1m SELECT name
 FROM sqlite_master
 WHERE type = 'table' AND NOT name = 'sqlite_sequence'
[0m
  [1m[35mUser Load (22.1ms)[0m  SELECT "users".* FROM "users"
  [1m[36mUser Load (1.3ms)[0m  [1mSELECT "users".* FROM "users"[0m


Started GET "/" for 127.0.0.1 at Sat Jan 29 23:34:27 +0800 2011
  Processing by UsersController#index as HTML
* Accept-Language: zh-tw
* Locale set to 'zh_tw'
Rendered users/index.html.erb within layouts/application (36.6ms)
Completed 200 OK in 61ms (Views: 60.5ms | ActiveRecord: 0.0ms)


Started GET "/signup" for 127.0.0.1 at Sat Jan 29 23:34:41 +0800 2011
  Processing by UsersController#new as HTML
* Accept-Language: zh-tw
* Locale set to 'zh_tw'
Rendered users/new.html.erb within layouts/application (17.2ms)
Completed 200 OK in 59ms (Views: 56.9ms | ActiveRecord: 0.0ms)


Started POST "/users" for 127.0.0.1 at Sat Jan 29 23:34:59 +0800 2011
  Processing by UsersController#create as HTML
  Parameters: {"commit"=>"Sign up", "authenticity_token"=>"+fKFOnnbPdXNyjdkK+4Inp46jkZvj73altzTSCYDPzk=", "utf8"=>"✓", "user"=>{"password_confirmation"=>"[FILTERED]", "password"=>"[FILTERED]", "login"=>"ealin2", "email"=>"ealin@hey-go.com"}}
* Accept-Language: zh-tw
* Locale set to 'zh_tw'
  [1m[36mSQL (0.2ms)[0m  [1m SELECT name
 FROM sqlite_master
 WHERE type = 'table' AND NOT name = 'sqlite_sequence'
[0m
  [1m[35mUser Load (11.1ms)[0m  SELECT "users"."id" FROM "users" WHERE ("users"."login" = 'ealin2') LIMIT 1
  [1m[36mUser Load (0.2ms)[0m  [1mSELECT "users"."id" FROM "users" WHERE ("users"."email" = 'ealin@hey-go.com') LIMIT 1[0m
  [1m[35mAREL (0.6ms)[0m  INSERT INTO "users" ("email", "login", "remember_token", "created_at", "activation_code", "activated_at", "name", "remember_token_expires_at", "updated_at", "salt", "crypted_password", "reset_code") VALUES ('ealin@hey-go.com', 'ealin2', NULL, '2011-01-29 15:35:00.000924', '84281821cbec82b6913048c05707cc13529384e0', NULL, '', NULL, '2011-01-29 15:35:00.000924', '10a8039bc714a0de3f41a0ab0ecb9af590fd0489', 'ac816b98c5493bfdbc9b21f0c27ffb3fb930810c', NULL)
Rendered user_mailer/signup_notification.html.erb (0.5ms)

Sent mail to ealin@hey-go.com (5618ms)
Date: Sat, 29 Jan 2011 23:35:00 +0800
From: admin@PrivateSpace
To: ealin@hey-go.com
Message-ID: <4d4433a415ed3_24b818e479449011@Appleteki-MacBook-Pro.local.mail>
Subject: [PrivateSpace] Please activate your new account
Mime-Version: 1.0
Content-Type: text/plain;
 charset=UTF-8
Content-Transfer-Encoding: 7bit

Your account has been created.

  Username: ealin2
  Password: ealinya

Visit this url to activate your account:

http://localhost:3000/activate/84281821cbec82b6913048c05707cc13529384e0
Redirected to http://localhost:3000/
Completed 302 Found in 5746ms


Started GET "/" for 127.0.0.1 at Sat Jan 29 23:35:05 +0800 2011
  Processing by UsersController#index as HTML
* Accept-Language: zh-tw
* Locale set to 'zh_tw'
Rendered users/index.html.erb within layouts/application (5.4ms)
Completed 200 OK in 15ms (Views: 14.1ms | ActiveRecord: 12.2ms)
  [1m[36mUser Load (0.6ms)[0m  [1mSELECT "users".* FROM "users"[0m
  [1m[35mSQL (1.2ms)[0m   SELECT name
 FROM sqlite_master
 WHERE type = 'table' AND NOT name = 'sqlite_sequence'
  [1m[36mUser Load (0.3ms)[0m  [1mSELECT "users".* FROM "users" WHERE ("users"."id" = 3) LIMIT 1[0m
  [1m[35mAREL (0.9ms)[0m  DELETE FROM "users" WHERE ("users"."id" = 3)
  [1m[36mUser Load (0.5ms)[0m  [1mSELECT "users".* FROM "users"[0m


Started GET "/" for 127.0.0.1 at Sat Jan 29 23:46:00 +0800 2011
  Processing by UsersController#index as HTML
* Accept-Language: zh-tw
* Locale set to 'zh_tw'
Rendered users/index.html.erb within layouts/application (20.1ms)
Completed 200 OK in 30ms (Views: 29.6ms | ActiveRecord: 0.0ms)


Started GET "/signup" for 127.0.0.1 at Sat Jan 29 23:46:03 +0800 2011
  Processing by UsersController#new as HTML
* Accept-Language: zh-tw
* Locale set to 'zh_tw'
Rendered users/new.html.erb within layouts/application (13.6ms)
Completed 200 OK in 25ms (Views: 23.1ms | ActiveRecord: 0.0ms)


Started POST "/users" for 127.0.0.1 at Sat Jan 29 23:46:34 +0800 2011
  Processing by UsersController#create as HTML
  Parameters: {"commit"=>"Sign up", "authenticity_token"=>"+fKFOnnbPdXNyjdkK+4Inp46jkZvj73altzTSCYDPzk=", "utf8"=>"✓", "user"=>{"password_confirmation"=>"[FILTERED]", "password"=>"[FILTERED]", "login"=>"ealin2", "email"=>"ealin@hey-go.com"}}
* Accept-Language: zh-tw
* Locale set to 'zh_tw'
  [1m[36mSQL (0.2ms)[0m  [1m SELECT name
 FROM sqlite_master
 WHERE type = 'table' AND NOT name = 'sqlite_sequence'
[0m
  [1m[35mUser Load (0.1ms)[0m  SELECT "users"."id" FROM "users" WHERE ("users"."login" = 'ealin2') LIMIT 1
  [1m[36mUser Load (0.1ms)[0m  [1mSELECT "users"."id" FROM "users" WHERE ("users"."email" = 'ealin@hey-go.com') LIMIT 1[0m
  [1m[35mAREL (0.5ms)[0m  INSERT INTO "users" ("created_at", "activation_code", "updated_at", "login", "name", "reset_code", "crypted_password", "activated_at", "remember_token_expires_at", "email", "remember_token", "salt") VALUES ('2011-01-29 15:46:34.639206', '65cc368704ee4c4c0b40bc67eb524858cdad1ecd', '2011-01-29 15:46:34.639206', 'ealin2', '', NULL, 'f153714c9320085262aa907a86ec3471b4ab94af', NULL, NULL, 'ealin@hey-go.com', NULL, 'ae6be0393552c6a79f6d3e9558c7a2036466dc0b')
Rendered user_mailer/signup_notification.html.erb (0.5ms)

Sent mail to ealin@hey-go.com (5153ms)
Date: Sat, 29 Jan 2011 23:46:34 +0800
From: admin@PrivateSpace
To: ealin@hey-go.com
Message-ID: <4d44365aab839_282818e515817234@Appleteki-MacBook-Pro.local.mail>
Subject: [PrivateSpace] Please activate your new account
Mime-Version: 1.0
Content-Type: text/plain;
 charset=UTF-8
Content-Transfer-Encoding: 7bit

Your account has been created.

  Username: ealin2
  Password: ealinya

Visit this url to activate your account:

http://localhost:3000/activate/65cc368704ee4c4c0b40bc67eb524858cdad1ecd
Redirected to http://localhost:3000/
Completed 302 Found in 5244ms


Started GET "/" for 127.0.0.1 at Sat Jan 29 23:46:39 +0800 2011
  Processing by UsersController#index as HTML
* Accept-Language: zh-tw
* Locale set to 'zh_tw'
Rendered users/index.html.erb within layouts/application (5.4ms)
Completed 200 OK in 15ms (Views: 14.4ms | ActiveRecord: 0.9ms)


Started GET "/activate/65cc368704ee4c4c0b40bc67eb524858cdad1ecd" for 127.0.0.1 at Sat Jan 29 23:47:19 +0800 2011
  Processing by UsersController#activate as HTML
  Parameters: {"activation_code"=>"65cc368704ee4c4c0b40bc67eb524858cdad1ecd"}
* Accept-Language: zh-tw
* Locale set to 'zh_tw'
  [1m[36mUser Load (0.4ms)[0m  [1mSELECT "users".* FROM "users" WHERE ("users"."activation_code" = '65cc368704ee4c4c0b40bc67eb524858cdad1ecd') LIMIT 1[0m
  [1m[35mAREL (0.6ms)[0m  UPDATE "users" SET "updated_at" = '2011-01-29 15:47:19.118736', "activated_at" = '2011-01-29 15:47:19.118290', "activation_code" = NULL WHERE ("users"."id" = 4)
Rendered user_mailer/activation.html.erb (0.5ms)

Sent mail to ealin@hey-go.com (4129ms)
Date: Sat, 29 Jan 2011 23:47:19 +0800
From: admin@PrivateSpace
To: ealin@hey-go.com
Message-ID: <4d4436873b535_28281bf43e4173c6@Appleteki-MacBook-Pro.local.mail>
Subject: [PrivateSpace] Your account has been activated!
Mime-Version: 1.0
Content-Type: text/plain;
 charset=UTF-8
Content-Transfer-Encoding: 7bit

ealin2, your account has been activated.  Welcome aboard!

http://localhost:3000/login
Redirected to http://localhost:3000/login
Completed 302 Found in 4303ms


Started GET "/login" for 127.0.0.1 at Sat Jan 29 23:47:23 +0800 2011
  Processing by SessionsController#new as HTML
* Accept-Language: zh-tw
* Locale set to 'zh_tw'
Rendered sessions/new.html.erb within layouts/application (89.5ms)
Completed 200 OK in 115ms (Views: 113.9ms | ActiveRecord: 0.9ms)


Started POST "/session" for 127.0.0.1 at Sat Jan 29 23:48:17 +0800 2011
  Processing by SessionsController#create as HTML
  Parameters: {"commit"=>"Log in", "authenticity_token"=>"+fKFOnnbPdXNyjdkK+4Inp46jkZvj73altzTSCYDPzk=", "utf8"=>"✓", "password"=>"[FILTERED]", "login"=>"ealin2"}
* Accept-Language: zh-tw
* Locale set to 'zh_tw'
  [1m[36mUser Load (0.5ms)[0m  [1mSELECT "users".* FROM "users" WHERE (login = 'ealin2' and activated_at IS NOT NULL) LIMIT 1[0m
Redirected to http://localhost:3000/
Completed 302 Found in 11ms


Started GET "/" for 127.0.0.1 at Sat Jan 29 23:48:17 +0800 2011
  Processing by UsersController#index as HTML
* Accept-Language: zh-tw
* Locale set to 'zh_tw'
  [1m[35mUser Load (0.2ms)[0m  SELECT "users".* FROM "users" WHERE ("users"."id" = 4) LIMIT 1
Rendered users/index.html.erb within layouts/application (13.8ms)
Completed 200 OK in 24ms (Views: 22.7ms | ActiveRecord: 0.8ms)
